[0.114s] DEBUG:colcon:Command line arguments: ['/usr/bin/colcon', 'build', '--symlink-install']
[0.114s] DEBUG:colcon:Parsed command line arguments: Namespace(log_base=None, log_level=None, verb_name='build', build_base='build', install_base='install', merge_install=False, symlink_install=True, test_result_base=None, continue_on_error=False, executor='parallel', parallel_workers=8, event_handlers=None, ignore_user_meta=False, metas=['./colcon.meta'], base_paths=['.'], packages_ignore=None, packages_ignore_regex=None, paths=None, packages_up_to=None, packages_up_to_regex=None, packages_above=None, packages_above_and_dependencies=None, packages_above_depth=None, packages_select_by_dep=None, packages_skip_by_dep=None, packages_skip_up_to=None, packages_select_build_failed=False, packages_skip_build_finished=False, packages_select_test_failures=False, packages_skip_test_passed=False, packages_select=None, packages_skip=None, packages_select_regex=None, packages_skip_regex=None, packages_start=None, packages_end=None, allow_overriding=[], cmake_args=None, cmake_target=None, cmake_target_skip_unavailable=False, cmake_clean_cache=False, cmake_clean_first=False, cmake_force_configure=False, ament_cmake_args=None, catkin_cmake_args=None, catkin_skip_building_tests=False, verb_parser=<colcon_defaults.argument_parser.defaults.DefaultArgumentsDecorator object at 0x70e7a2af3f70>, verb_extension=<colcon_core.verb.build.BuildVerb object at 0x70e7a2a44b20>, main=<bound method BuildVerb.main of <colcon_core.verb.build.BuildVerb object at 0x70e7a2a44b20>>)
[0.306s] Level 1:colcon.colcon_core.package_discovery:discover_packages(colcon_meta) check parameters
[0.306s] Level 1:colcon.colcon_core.package_discovery:discover_packages(recursive) check parameters
[0.306s] Level 1:colcon.colcon_core.package_discovery:discover_packages(ignore) check parameters
[0.306s] Level 1:colcon.colcon_core.package_discovery:discover_packages(path) check parameters
[0.306s] Level 1:colcon.colcon_core.package_discovery:discover_packages(colcon_meta) discover
[0.306s] Level 1:colcon.colcon_core.package_discovery:discover_packages(recursive) discover
[0.306s] INFO:colcon.colcon_core.package_discovery:Crawling recursively for packages in '/home/ros2/Desktop/rosbostito'
[0.306s] Level 1:colcon.colcon_core.package_identification:_identify(.) by extensions ['ignore', 'ignore_ament_install']
[0.306s] Level 1:colcon.colcon_core.package_identification:_identify(.) by extension 'ignore'
[0.307s] Level 1:colcon.colcon_core.package_identification:_identify(.) by extension 'ignore_ament_install'
[0.307s] Level 1:colcon.colcon_core.package_identification:_identify(.) by extensions ['colcon_pkg']
[0.307s] Level 1:colcon.colcon_core.package_identification:_identify(.) by extension 'colcon_pkg'
[0.307s] Level 1:colcon.colcon_core.package_identification:_identify(.) by extensions ['colcon_meta']
[0.307s] Level 1:colcon.colcon_core.package_identification:_identify(.) by extension 'colcon_meta'
[0.307s] Level 1:colcon.colcon_core.package_identification:_identify(.) by extensions ['ros']
[0.307s] Level 1:colcon.colcon_core.package_identification:_identify(.) by extension 'ros'
[0.319s] Level 1:colcon.colcon_core.package_identification:_identify(.) by extensions ['cmake', 'python']
[0.319s] Level 1:colcon.colcon_core.package_identification:_identify(.) by extension 'cmake'
[0.319s] Level 1:colcon.colcon_core.package_identification:_identify(.) by extension 'python'
[0.319s] Level 1:colcon.colcon_core.package_identification:_identify(.) by extensions ['python_setup_py']
[0.319s] Level 1:colcon.colcon_core.package_identification:_identify(.) by extension 'python_setup_py'
[0.319s] Level 1:colcon.colcon_core.package_identification:_identify(build) by extensions ['ignore', 'ignore_ament_install']
[0.319s] Level 1:colcon.colcon_core.package_identification:_identify(build) by extension 'ignore'
[0.319s] Level 1:colcon.colcon_core.package_identification:_identify(build) ignored
[0.319s] Level 1:colcon.colcon_core.package_identification:_identify(install) by extensions ['ignore', 'ignore_ament_install']
[0.319s] Level 1:colcon.colcon_core.package_identification:_identify(install) by extension 'ignore'
[0.320s] Level 1:colcon.colcon_core.package_identification:_identify(install) ignored
[0.320s] Level 1:colcon.colcon_core.package_identification:_identify(log) by extensions ['ignore', 'ignore_ament_install']
[0.320s] Level 1:colcon.colcon_core.package_identification:_identify(log) by extension 'ignore'
[0.320s] Level 1:colcon.colcon_core.package_identification:_identify(log) ignored
[0.320s] Level 1:colcon.colcon_core.package_identification:_identify(src) by extensions ['ignore', 'ignore_ament_install']
[0.320s] Level 1:colcon.colcon_core.package_identification:_identify(src) by extension 'ignore'
[0.320s] Level 1:colcon.colcon_core.package_identification:_identify(src) by extension 'ignore_ament_install'
[0.320s] Level 1:colcon.colcon_core.package_identification:_identify(src) by extensions ['colcon_pkg']
[0.320s] Level 1:colcon.colcon_core.package_identification:_identify(src) by extension 'colcon_pkg'
[0.320s] Level 1:colcon.colcon_core.package_identification:_identify(src) by extensions ['colcon_meta']
[0.320s] Level 1:colcon.colcon_core.package_identification:_identify(src) by extension 'colcon_meta'
[0.320s] Level 1:colcon.colcon_core.package_identification:_identify(src) by extensions ['ros']
[0.320s] Level 1:colcon.colcon_core.package_identification:_identify(src) by extension 'ros'
[0.320s] Level 1:colcon.colcon_core.package_identification:_identify(src) by extensions ['cmake', 'python']
[0.320s] Level 1:colcon.colcon_core.package_identification:_identify(src) by extension 'cmake'
[0.321s] Level 1:colcon.colcon_core.package_identification:_identify(src) by extension 'python'
[0.321s] Level 1:colcon.colcon_core.package_identification:_identify(src) by extensions ['python_setup_py']
[0.321s] Level 1:colcon.colcon_core.package_identification:_identify(src) by extension 'python_setup_py'
[0.321s] Level 1:colcon.colcon_core.package_identification:_identify(src/navigation_tb3) by extensions ['ignore', 'ignore_ament_install']
[0.321s] Level 1:colcon.colcon_core.package_identification:_identify(src/navigation_tb3) by extension 'ignore'
[0.321s] Level 1:colcon.colcon_core.package_identification:_identify(src/navigation_tb3) by extension 'ignore_ament_install'
[0.321s] Level 1:colcon.colcon_core.package_identification:_identify(src/navigation_tb3) by extensions ['colcon_pkg']
[0.321s] Level 1:colcon.colcon_core.package_identification:_identify(src/navigation_tb3) by extension 'colcon_pkg'
[0.321s] Level 1:colcon.colcon_core.package_identification:_identify(src/navigation_tb3) by extensions ['colcon_meta']
[0.321s] Level 1:colcon.colcon_core.package_identification:_identify(src/navigation_tb3) by extension 'colcon_meta'
[0.321s] Level 1:colcon.colcon_core.package_identification:_identify(src/navigation_tb3) by extensions ['ros']
[0.321s] Level 1:colcon.colcon_core.package_identification:_identify(src/navigation_tb3) by extension 'ros'
[0.324s] DEBUG:colcon.colcon_core.package_identification:Package 'src/navigation_tb3' with type 'ros.ament_cmake' and name 'navigation_tb3'
[0.324s] Level 1:colcon.colcon_core.package_identification:_identify(src/tf_transform) by extensions ['ignore', 'ignore_ament_install']
[0.324s] Level 1:colcon.colcon_core.package_identification:_identify(src/tf_transform) by extension 'ignore'
[0.324s] Level 1:colcon.colcon_core.package_identification:_identify(src/tf_transform) by extension 'ignore_ament_install'
[0.324s] Level 1:colcon.colcon_core.package_identification:_identify(src/tf_transform) by extensions ['colcon_pkg']
[0.324s] Level 1:colcon.colcon_core.package_identification:_identify(src/tf_transform) by extension 'colcon_pkg'
[0.324s] Level 1:colcon.colcon_core.package_identification:_identify(src/tf_transform) by extensions ['colcon_meta']
[0.324s] Level 1:colcon.colcon_core.package_identification:_identify(src/tf_transform) by extension 'colcon_meta'
[0.325s] Level 1:colcon.colcon_core.package_identification:_identify(src/tf_transform) by extensions ['ros']
[0.325s] Level 1:colcon.colcon_core.package_identification:_identify(src/tf_transform) by extension 'ros'
[0.325s] DEBUG:colcon.colcon_core.package_identification:Package 'src/tf_transform' with type 'ros.ament_python' and name 'tf_transform'
[0.325s] Level 1:colcon.colcon_core.package_discovery:discover_packages(recursive) using defaults
[0.325s] Level 1:colcon.colcon_core.package_discovery:discover_packages(ignore) discover
[0.325s] Level 1:colcon.colcon_core.package_discovery:discover_packages(ignore) using defaults
[0.325s] Level 1:colcon.colcon_core.package_discovery:discover_packages(path) discover
[0.325s] Level 1:colcon.colcon_core.package_discovery:discover_packages(path) using defaults
[0.345s] Level 1:colcon.colcon_core.package_discovery:discover_packages(prefix_path) check parameters
[0.345s] Level 1:colcon.colcon_core.package_discovery:discover_packages(prefix_path) discover
[0.347s] DEBUG:colcon.colcon_installed_package_information.package_discovery:Found 2 installed packages in /home/ros2/Desktop/rosbostito/install
[0.349s] DEBUG:colcon.colcon_installed_package_information.package_discovery:Found 420 installed packages in /opt/ros/humble
[0.362s] Level 1:colcon.colcon_core.package_discovery:discover_packages(prefix_path) using defaults
[0.416s] Level 5:colcon.colcon_core.verb:set package 'navigation_tb3' build argument 'cmake_args' from command line to 'None'
[0.416s] Level 5:colcon.colcon_core.verb:set package 'navigation_tb3' build argument 'cmake_target' from command line to 'None'
[0.416s] Level 5:colcon.colcon_core.verb:set package 'navigation_tb3' build argument 'cmake_target_skip_unavailable' from command line to 'False'
[0.416s] Level 5:colcon.colcon_core.verb:set package 'navigation_tb3' build argument 'cmake_clean_cache' from command line to 'False'
[0.416s] Level 5:colcon.colcon_core.verb:set package 'navigation_tb3' build argument 'cmake_clean_first' from command line to 'False'
[0.416s] Level 5:colcon.colcon_core.verb:set package 'navigation_tb3' build argument 'cmake_force_configure' from command line to 'False'
[0.416s] Level 5:colcon.colcon_core.verb:set package 'navigation_tb3' build argument 'ament_cmake_args' from command line to 'None'
[0.416s] Level 5:colcon.colcon_core.verb:set package 'navigation_tb3' build argument 'catkin_cmake_args' from command line to 'None'
[0.416s] Level 5:colcon.colcon_core.verb:set package 'navigation_tb3' build argument 'catkin_skip_building_tests' from command line to 'False'
[0.416s] DEBUG:colcon.colcon_core.verb:Building package 'navigation_tb3' with the following arguments: {'ament_cmake_args': None, 'build_base': '/home/ros2/Desktop/rosbostito/build/navigation_tb3', 'catkin_cmake_args': None, 'catkin_skip_building_tests': False, 'cmake_args': None, 'cmake_clean_cache': False, 'cmake_clean_first': False, 'cmake_force_configure': False, 'cmake_target': None, 'cmake_target_skip_unavailable': False, 'install_base': '/home/ros2/Desktop/rosbostito/install/navigation_tb3', 'merge_install': False, 'path': '/home/ros2/Desktop/rosbostito/src/navigation_tb3', 'symlink_install': True, 'test_result_base': None}
[0.417s] Level 5:colcon.colcon_core.verb:set package 'tf_transform' build argument 'cmake_args' from command line to 'None'
[0.417s] Level 5:colcon.colcon_core.verb:set package 'tf_transform' build argument 'cmake_target' from command line to 'None'
[0.417s] Level 5:colcon.colcon_core.verb:set package 'tf_transform' build argument 'cmake_target_skip_unavailable' from command line to 'False'
[0.417s] Level 5:colcon.colcon_core.verb:set package 'tf_transform' build argument 'cmake_clean_cache' from command line to 'False'
[0.417s] Level 5:colcon.colcon_core.verb:set package 'tf_transform' build argument 'cmake_clean_first' from command line to 'False'
[0.417s] Level 5:colcon.colcon_core.verb:set package 'tf_transform' build argument 'cmake_force_configure' from command line to 'False'
[0.417s] Level 5:colcon.colcon_core.verb:set package 'tf_transform' build argument 'ament_cmake_args' from command line to 'None'
[0.417s] Level 5:colcon.colcon_core.verb:set package 'tf_transform' build argument 'catkin_cmake_args' from command line to 'None'
[0.417s] Level 5:colcon.colcon_core.verb:set package 'tf_transform' build argument 'catkin_skip_building_tests' from command line to 'False'
[0.417s] DEBUG:colcon.colcon_core.verb:Building package 'tf_transform' with the following arguments: {'ament_cmake_args': None, 'build_base': '/home/ros2/Desktop/rosbostito/build/tf_transform', 'catkin_cmake_args': None, 'catkin_skip_building_tests': False, 'cmake_args': None, 'cmake_clean_cache': False, 'cmake_clean_first': False, 'cmake_force_configure': False, 'cmake_target': None, 'cmake_target_skip_unavailable': False, 'install_base': '/home/ros2/Desktop/rosbostito/install/tf_transform', 'merge_install': False, 'path': '/home/ros2/Desktop/rosbostito/src/tf_transform', 'symlink_install': True, 'test_result_base': None}
[0.417s] INFO:colcon.colcon_core.executor:Executing jobs using 'parallel' executor
[0.419s] DEBUG:colcon.colcon_parallel_executor.executor.parallel:run_until_complete
[0.419s] INFO:colcon.colcon_ros.task.ament_cmake.build:Building ROS package in '/home/ros2/Desktop/rosbostito/src/navigation_tb3' with build type 'ament_cmake'
[0.419s] INFO:colcon.colcon_cmake.task.cmake.build:Building CMake package in '/home/ros2/Desktop/rosbostito/src/navigation_tb3'
[0.421s] INFO:colcon.colcon_core.plugin_system:Skipping extension 'colcon_core.shell.bat': Not used on non-Windows systems
[0.422s] INFO:colcon.colcon_core.shell:Skip shell extension 'powershell' for command environment: Not usable outside of PowerShell
[0.422s] DEBUG:colcon.colcon_core.shell:Skip shell extension 'dsv' for command environment
[0.426s] INFO:colcon.colcon_ros.task.ament_python.build:Building ROS package in '/home/ros2/Desktop/rosbostito/src/tf_transform' with build type 'ament_python'
[0.426s] Level 1:colcon.colcon_core.shell:create_environment_hook('tf_transform', 'ament_prefix_path')
[0.427s] INFO:colcon.colcon_core.shell:Creating environment hook '/home/ros2/Desktop/rosbostito/install/tf_transform/share/tf_transform/hook/ament_prefix_path.ps1'
[0.428s] INFO:colcon.colcon_core.shell:Creating environment descriptor '/home/ros2/Desktop/rosbostito/install/tf_transform/share/tf_transform/hook/ament_prefix_path.dsv'
[0.428s] INFO:colcon.colcon_core.shell:Creating environment hook '/home/ros2/Desktop/rosbostito/install/tf_transform/share/tf_transform/hook/ament_prefix_path.sh'
[0.430s] INFO:colcon.colcon_core.shell:Skip shell extension 'powershell' for command environment: Not usable outside of PowerShell
[0.430s] DEBUG:colcon.colcon_core.shell:Skip shell extension 'dsv' for command environment
[0.439s] DEBUG:colcon.colcon_core.event_handler.log_command:Invoking command in '/home/ros2/Desktop/rosbostito/build/navigation_tb3': CMAKE_PREFIX_PATH=${CMAKE_PREFIX_PATH}:/home/ros2/Desktop/rosbostito/install/tf_transform:/opt/ros/humble /usr/bin/cmake --build /home/ros2/Desktop/rosbostito/build/navigation_tb3 -- -j8 -l8
[0.747s] INFO:colcon.colcon_core.task.python.build:Building Python package in '/home/ros2/Desktop/rosbostito/src/tf_transform'
[0.748s] INFO:colcon.colcon_core.shell:Skip shell extension 'powershell' for command environment: Not usable outside of PowerShell
[0.748s] DEBUG:colcon.colcon_core.shell:Skip shell extension 'dsv' for command environment
[0.871s] DEBUG:colcon.colcon_core.event_handler.log_command:Invoked command in '/home/ros2/Desktop/rosbostito/build/navigation_tb3' returned '0': CMAKE_PREFIX_PATH=${CMAKE_PREFIX_PATH}:/home/ros2/Desktop/rosbostito/install/tf_transform:/opt/ros/humble /usr/bin/cmake --build /home/ros2/Desktop/rosbostito/build/navigation_tb3 -- -j8 -l8
[0.912s] DEBUG:colcon.colcon_core.event_handler.log_command:Invoking command in '/home/ros2/Desktop/rosbostito/build/navigation_tb3': CMAKE_PREFIX_PATH=${CMAKE_PREFIX_PATH}:/home/ros2/Desktop/rosbostito/install/tf_transform:/opt/ros/humble /usr/bin/cmake --install /home/ros2/Desktop/rosbostito/build/navigation_tb3
[0.996s] Level 1:colcon.colcon_core.environment:create_environment_scripts_only(navigation_tb3)
[0.997s] DEBUG:colcon.colcon_core.event_handler.log_command:Invoked command in '/home/ros2/Desktop/rosbostito/build/navigation_tb3' returned '0': CMAKE_PREFIX_PATH=${CMAKE_PREFIX_PATH}:/home/ros2/Desktop/rosbostito/install/tf_transform:/opt/ros/humble /usr/bin/cmake --install /home/ros2/Desktop/rosbostito/build/navigation_tb3
[1.000s] Level 1:colcon.colcon_core.environment:checking '/home/ros2/Desktop/rosbostito/install/navigation_tb3' for CMake module files
[1.001s] Level 1:colcon.colcon_core.environment:checking '/home/ros2/Desktop/rosbostito/install/navigation_tb3' for CMake config files
[1.001s] Level 1:colcon.colcon_core.shell:create_environment_hook('navigation_tb3', 'cmake_prefix_path')
[1.002s] INFO:colcon.colcon_core.shell:Creating environment hook '/home/ros2/Desktop/rosbostito/install/navigation_tb3/share/navigation_tb3/hook/cmake_prefix_path.ps1'
[1.002s] INFO:colcon.colcon_core.shell:Creating environment descriptor '/home/ros2/Desktop/rosbostito/install/navigation_tb3/share/navigation_tb3/hook/cmake_prefix_path.dsv'
[1.003s] INFO:colcon.colcon_core.shell:Creating environment hook '/home/ros2/Desktop/rosbostito/install/navigation_tb3/share/navigation_tb3/hook/cmake_prefix_path.sh'
[1.003s] Level 1:colcon.colcon_core.environment:checking '/home/ros2/Desktop/rosbostito/install/navigation_tb3/lib'
[1.004s] Level 1:colcon.colcon_core.environment:checking '/home/ros2/Desktop/rosbostito/install/navigation_tb3/bin'
[1.004s] Level 1:colcon.colcon_core.environment:checking '/home/ros2/Desktop/rosbostito/install/navigation_tb3/lib/pkgconfig/navigation_tb3.pc'
[1.004s] Level 1:colcon.colcon_core.environment:checking '/home/ros2/Desktop/rosbostito/install/navigation_tb3/lib/python3.10/site-packages'
[1.004s] Level 1:colcon.colcon_core.environment:checking '/home/ros2/Desktop/rosbostito/install/navigation_tb3/bin'
[1.005s] INFO:colcon.colcon_core.shell:Creating package script '/home/ros2/Desktop/rosbostito/install/navigation_tb3/share/navigation_tb3/package.ps1'
[1.005s] INFO:colcon.colcon_core.shell:Creating package descriptor '/home/ros2/Desktop/rosbostito/install/navigation_tb3/share/navigation_tb3/package.dsv'
[1.006s] INFO:colcon.colcon_core.shell:Creating package script '/home/ros2/Desktop/rosbostito/install/navigation_tb3/share/navigation_tb3/package.sh'
[1.007s] INFO:colcon.colcon_core.shell:Creating package script '/home/ros2/Desktop/rosbostito/install/navigation_tb3/share/navigation_tb3/package.bash'
[1.008s] INFO:colcon.colcon_core.shell:Creating package script '/home/ros2/Desktop/rosbostito/install/navigation_tb3/share/navigation_tb3/package.zsh'
[1.009s] Level 1:colcon.colcon_core.environment:create_file_with_runtime_dependencies(/home/ros2/Desktop/rosbostito/install/navigation_tb3/share/colcon-core/packages/navigation_tb3)
[1.040s] Level 1:colcon.colcon_core.environment:create_environment_scripts_only(navigation_tb3)
[1.041s] Level 1:colcon.colcon_core.environment:checking '/home/ros2/Desktop/rosbostito/install/navigation_tb3' for CMake module files
[1.041s] Level 1:colcon.colcon_core.environment:checking '/home/ros2/Desktop/rosbostito/install/navigation_tb3' for CMake config files
[1.042s] Level 1:colcon.colcon_core.shell:create_environment_hook('navigation_tb3', 'cmake_prefix_path')
[1.043s] INFO:colcon.colcon_core.shell:Creating environment hook '/home/ros2/Desktop/rosbostito/install/navigation_tb3/share/navigation_tb3/hook/cmake_prefix_path.ps1'
[1.043s] INFO:colcon.colcon_core.shell:Creating environment descriptor '/home/ros2/Desktop/rosbostito/install/navigation_tb3/share/navigation_tb3/hook/cmake_prefix_path.dsv'
[1.043s] INFO:colcon.colcon_core.shell:Creating environment hook '/home/ros2/Desktop/rosbostito/install/navigation_tb3/share/navigation_tb3/hook/cmake_prefix_path.sh'
[1.044s] Level 1:colcon.colcon_core.environment:checking '/home/ros2/Desktop/rosbostito/install/navigation_tb3/lib'
[1.044s] Level 1:colcon.colcon_core.environment:checking '/home/ros2/Desktop/rosbostito/install/navigation_tb3/bin'
[1.044s] Level 1:colcon.colcon_core.environment:checking '/home/ros2/Desktop/rosbostito/install/navigation_tb3/lib/pkgconfig/navigation_tb3.pc'
[1.044s] Level 1:colcon.colcon_core.environment:checking '/home/ros2/Desktop/rosbostito/install/navigation_tb3/lib/python3.10/site-packages'
[1.045s] Level 1:colcon.colcon_core.environment:checking '/home/ros2/Desktop/rosbostito/install/navigation_tb3/bin'
[1.045s] INFO:colcon.colcon_core.shell:Creating package script '/home/ros2/Desktop/rosbostito/install/navigation_tb3/share/navigation_tb3/package.ps1'
[1.046s] INFO:colcon.colcon_core.shell:Creating package descriptor '/home/ros2/Desktop/rosbostito/install/navigation_tb3/share/navigation_tb3/package.dsv'
[1.046s] INFO:colcon.colcon_core.shell:Creating package script '/home/ros2/Desktop/rosbostito/install/navigation_tb3/share/navigation_tb3/package.sh'
[1.047s] INFO:colcon.colcon_core.shell:Creating package script '/home/ros2/Desktop/rosbostito/install/navigation_tb3/share/navigation_tb3/package.bash'
[1.047s] INFO:colcon.colcon_core.shell:Creating package script '/home/ros2/Desktop/rosbostito/install/navigation_tb3/share/navigation_tb3/package.zsh'
[1.048s] Level 1:colcon.colcon_core.environment:create_file_with_runtime_dependencies(/home/ros2/Desktop/rosbostito/install/navigation_tb3/share/colcon-core/packages/navigation_tb3)
[1.189s] DEBUG:colcon.colcon_core.event_handler.log_command:Invoking command in '/home/ros2/Desktop/rosbostito/build/tf_transform': PYTHONPATH=/home/ros2/Desktop/rosbostito/build/tf_transform/prefix_override:/home/ros2/Desktop/rosbostito/install/tf_transform/lib/python3.10/site-packages:${PYTHONPATH} /usr/bin/python3 -W ignore:setup.py install is deprecated setup.py develop --editable --build-directory /home/ros2/Desktop/rosbostito/build/tf_transform/build --no-deps symlink_data
[1.694s] Level 1:colcon.colcon_core.shell:create_environment_hook('tf_transform', 'pythonpath_develop')
[1.695s] INFO:colcon.colcon_core.shell:Creating environment hook '/home/ros2/Desktop/rosbostito/build/tf_transform/share/tf_transform/hook/pythonpath_develop.ps1'
[1.695s] DEBUG:colcon.colcon_core.event_handler.log_command:Invoked command in '/home/ros2/Desktop/rosbostito/build/tf_transform' returned '0': PYTHONPATH=/home/ros2/Desktop/rosbostito/build/tf_transform/prefix_override:/home/ros2/Desktop/rosbostito/install/tf_transform/lib/python3.10/site-packages:${PYTHONPATH} /usr/bin/python3 -W ignore:setup.py install is deprecated setup.py develop --editable --build-directory /home/ros2/Desktop/rosbostito/build/tf_transform/build --no-deps symlink_data
[1.696s] INFO:colcon.colcon_core.shell:Creating environment descriptor '/home/ros2/Desktop/rosbostito/build/tf_transform/share/tf_transform/hook/pythonpath_develop.dsv'
[1.696s] INFO:colcon.colcon_core.shell:Creating environment hook '/home/ros2/Desktop/rosbostito/build/tf_transform/share/tf_transform/hook/pythonpath_develop.sh'
[1.697s] Level 1:colcon.colcon_core.environment:checking '/home/ros2/Desktop/rosbostito/install/tf_transform' for CMake module files
[1.697s] Level 1:colcon.colcon_core.environment:checking '/home/ros2/Desktop/rosbostito/install/tf_transform' for CMake config files
[1.698s] Level 1:colcon.colcon_core.environment:checking '/home/ros2/Desktop/rosbostito/install/tf_transform/lib'
[1.698s] Level 1:colcon.colcon_core.environment:checking '/home/ros2/Desktop/rosbostito/install/tf_transform/bin'
[1.698s] Level 1:colcon.colcon_core.environment:checking '/home/ros2/Desktop/rosbostito/install/tf_transform/lib/pkgconfig/tf_transform.pc'
[1.698s] Level 1:colcon.colcon_core.environment:checking '/home/ros2/Desktop/rosbostito/install/tf_transform/lib/python3.10/site-packages'
[1.698s] Level 1:colcon.colcon_core.shell:create_environment_hook('tf_transform', 'pythonpath')
[1.699s] INFO:colcon.colcon_core.shell:Creating environment hook '/home/ros2/Desktop/rosbostito/install/tf_transform/share/tf_transform/hook/pythonpath.ps1'
[1.699s] INFO:colcon.colcon_core.shell:Creating environment descriptor '/home/ros2/Desktop/rosbostito/install/tf_transform/share/tf_transform/hook/pythonpath.dsv'
[1.700s] INFO:colcon.colcon_core.shell:Creating environment hook '/home/ros2/Desktop/rosbostito/install/tf_transform/share/tf_transform/hook/pythonpath.sh'
[1.700s] Level 1:colcon.colcon_core.environment:checking '/home/ros2/Desktop/rosbostito/install/tf_transform/bin'
[1.700s] Level 1:colcon.colcon_core.environment:create_environment_scripts_only(tf_transform)
[1.701s] INFO:colcon.colcon_core.shell:Creating package script '/home/ros2/Desktop/rosbostito/install/tf_transform/share/tf_transform/package.ps1'
[1.701s] INFO:colcon.colcon_core.shell:Creating package descriptor '/home/ros2/Desktop/rosbostito/install/tf_transform/share/tf_transform/package.dsv'
[1.702s] INFO:colcon.colcon_core.shell:Creating package script '/home/ros2/Desktop/rosbostito/install/tf_transform/share/tf_transform/package.sh'
[1.702s] INFO:colcon.colcon_core.shell:Creating package script '/home/ros2/Desktop/rosbostito/install/tf_transform/share/tf_transform/package.bash'
[1.703s] INFO:colcon.colcon_core.shell:Creating package script '/home/ros2/Desktop/rosbostito/install/tf_transform/share/tf_transform/package.zsh'
[1.703s] Level 1:colcon.colcon_core.environment:create_file_with_runtime_dependencies(/home/ros2/Desktop/rosbostito/install/tf_transform/share/colcon-core/packages/tf_transform)
[1.703s] DEBUG:colcon.colcon_parallel_executor.executor.parallel:closing loop
[1.704s] DEBUG:colcon.colcon_parallel_executor.executor.parallel:loop closed
[1.704s] DEBUG:colcon.colcon_parallel_executor.executor.parallel:run_until_complete finished with '0'
[1.704s] DEBUG:colcon.colcon_core.event_reactor:joining thread
[1.711s] INFO:colcon.colcon_core.plugin_system:Skipping extension 'colcon_notification.desktop_notification.terminal_notifier': Not used on non-Darwin systems
[1.711s] INFO:colcon.colcon_core.plugin_system:Skipping extension 'colcon_notification.desktop_notification.win32': Not used on non-Windows systems
[1.711s] INFO:colcon.colcon_notification.desktop_notification:Sending desktop notification using 'notify2'
[1.723s] DEBUG:colcon.colcon_core.event_reactor:joined thread
[1.723s] INFO:colcon.colcon_core.shell:Creating prefix script '/home/ros2/Desktop/rosbostito/install/local_setup.ps1'
[1.725s] INFO:colcon.colcon_core.shell:Creating prefix util module '/home/ros2/Desktop/rosbostito/install/_local_setup_util_ps1.py'
[1.727s] INFO:colcon.colcon_core.shell:Creating prefix chain script '/home/ros2/Desktop/rosbostito/install/setup.ps1'
[1.729s] INFO:colcon.colcon_core.shell:Creating prefix script '/home/ros2/Desktop/rosbostito/install/local_setup.sh'
[1.729s] INFO:colcon.colcon_core.shell:Creating prefix util module '/home/ros2/Desktop/rosbostito/install/_local_setup_util_sh.py'
[1.730s] INFO:colcon.colcon_core.shell:Creating prefix chain script '/home/ros2/Desktop/rosbostito/install/setup.sh'
[1.731s] INFO:colcon.colcon_core.shell:Creating prefix script '/home/ros2/Desktop/rosbostito/install/local_setup.bash'
[1.731s] INFO:colcon.colcon_core.shell:Creating prefix chain script '/home/ros2/Desktop/rosbostito/install/setup.bash'
[1.732s] INFO:colcon.colcon_core.shell:Creating prefix script '/home/ros2/Desktop/rosbostito/install/local_setup.zsh'
[1.733s] INFO:colcon.colcon_core.shell:Creating prefix chain script '/home/ros2/Desktop/rosbostito/install/setup.zsh'
