-- The C compiler identification is GNU 11.4.0
-- The CXX compiler identification is GNU 11.4.0
-- Detecting C compiler ABI info
-- Detecting C compiler ABI info - done
-- Check for working C compiler: /usr/bin/cc - skipped
-- Detecting C compile features
-- Detecting C compile features - done
-- Detecting CXX compiler ABI info
-- Detecting CXX compiler ABI info - done
-- Check for working CXX compiler: /usr/bin/c++ - skipped
-- Detecting CXX compile features
-- Detecting CXX compile features - done
-- Found ament_cmake: 1.3.9 (/opt/ros/humble/share/ament_cmake/cmake)
-- Found Python3: /usr/bin/python3 (found version "3.10.12") found components: Interpreter 
-- Override CMake install command with custom implementation using symlinks instead of copying resources
-- Found rclcpp: 16.0.9 (/opt/ros/humble/share/rclcpp/cmake)
-- Found rosidl_generator_c: 3.1.5 (/opt/ros/humble/share/rosidl_generator_c/cmake)
-- Found rosidl_adapter: 3.1.5 (/opt/ros/humble/share/rosidl_adapter/cmake)
-- Found rosidl_generator_cpp: 3.1.5 (/opt/ros/humble/share/rosidl_generator_cpp/cmake)
-- Using all available rosidl_typesupport_c: rosidl_typesupport_fastrtps_c;rosidl_typesupport_introspection_c
-- Using all available rosidl_typesupport_cpp: rosidl_typesupport_fastrtps_cpp;rosidl_typesupport_introspection_cpp
-- Found rmw_implementation_cmake: 6.1.2 (/opt/ros/humble/share/rmw_implementation_cmake/cmake)
-- Found rmw_fastrtps_cpp: 6.2.6 (/opt/ros/humble/share/rmw_fastrtps_cpp/cmake)
-- Found OpenSSL: /usr/lib/x86_64-linux-gnu/libcrypto.so (found version "3.0.2")  
-- Found FastRTPS: /opt/ros/humble/include  
-- Using RMW implementation 'rmw_fastrtps_cpp' as default
-- Looking for pthread.h
-- Looking for pthread.h - found
-- Performing Test CMAKE_HAVE_LIBC_PTHREAD
-- Performing Test CMAKE_HAVE_LIBC_PTHREAD - Success
-- Found Threads: TRUE  
-- Found nav_msgs: 4.2.3 (/opt/ros/humble/share/nav_msgs/cmake)
-- Found rclpy: 3.3.13 (/opt/ros/humble/share/rclpy/cmake)
-- Configuring done
-- Generating done
-- Build files have been written to: /home/ros2/Desktop/rosbostito/build/navigation_tb3
[ 50%] [32mBuilding CXX object CMakeFiles/pub_occupancy_grid.dir/src/pub_occupancy_grid.cpp.o[0m
[ 50%] Built target ament_cmake_python_symlink_navigation_tb3
running egg_info
creating navigation_tb3.egg-info
writing navigation_tb3.egg-info/PKG-INFO
writing dependency_links to navigation_tb3.egg-info/dependency_links.txt
writing top-level names to navigation_tb3.egg-info/top_level.txt
writing manifest file 'navigation_tb3.egg-info/SOURCES.txt'
reading manifest file 'navigation_tb3.egg-info/SOURCES.txt'
writing manifest file 'navigation_tb3.egg-info/SOURCES.txt'
[ 50%] Built target ament_cmake_python_build_navigation_tb3_egg
[100%] [32m[1mLinking CXX executable pub_occupancy_grid[0m
[100%] Built target pub_occupancy_grid
-- Install configuration: ""
-- Execute custom install script
-- Symlinking: /home/ros2/Desktop/rosbostito/install/navigation_tb3/lib/navigation_tb3/pub_occupancy_grid
-- Symlinking: /home/ros2/Desktop/rosbostito/install/navigation_tb3/share/navigation_tb3/launch/mapping.launch.py
-- Symlinking: /home/ros2/Desktop/rosbostito/install/navigation_tb3/share/navigation_tb3/launch/navigation.launch.py
-- Symlinking: /home/ros2/Desktop/rosbostito/install/navigation_tb3/share/navigation_tb3/config/mapping.rviz
-- Symlinking: /home/ros2/Desktop/rosbostito/install/navigation_tb3/share/navigation_tb3/config/navigation.rviz
-- Symlinking: /home/ros2/Desktop/rosbostito/install/navigation_tb3/share/navigation_tb3/config/tb3_map.pgm
-- Symlinking: /home/ros2/Desktop/rosbostito/install/navigation_tb3/share/navigation_tb3/config/tb3_map.yaml
-- Symlinking: /home/ros2/Desktop/rosbostito/install/navigation_tb3/share/navigation_tb3/config/tb3_nav2_params.yaml
-- Symlinking: /home/ros2/Desktop/rosbostito/install/navigation_tb3/share/navigation_tb3/config/turtlebot3_lds_2d.lua
-- Symlinking: /home/ros2/Desktop/rosbostito/install/navigation_tb3/share/navigation_tb3/environment/pythonpath.sh
-- Symlinking: /home/ros2/Desktop/rosbostito/install/navigation_tb3/share/navigation_tb3/environment/pythonpath.dsv
-- Symlinking: /home/ros2/Desktop/rosbostito/install/navigation_tb3/local/lib/python3.10/dist-packages/navigation_tb3-0.0.0-py3.10.egg-info/PKG-INFO
-- Symlinking: /home/ros2/Desktop/rosbostito/install/navigation_tb3/local/lib/python3.10/dist-packages/navigation_tb3-0.0.0-py3.10.egg-info/SOURCES.txt
-- Symlinking: /home/ros2/Desktop/rosbostito/install/navigation_tb3/local/lib/python3.10/dist-packages/navigation_tb3-0.0.0-py3.10.egg-info/dependency_links.txt
-- Symlinking: /home/ros2/Desktop/rosbostito/install/navigation_tb3/local/lib/python3.10/dist-packages/navigation_tb3-0.0.0-py3.10.egg-info/top_level.txt
-- Symlinking: /home/ros2/Desktop/rosbostito/install/navigation_tb3/local/lib/python3.10/dist-packages/navigation_tb3/__init__.py
-- Symlinking: /home/ros2/Desktop/rosbostito/install/navigation_tb3/lib/navigation_tb3/single_goal_nav.py
-- Symlinking: /home/ros2/Desktop/rosbostito/install/navigation_tb3/lib/navigation_tb3/multi_waypoints.py
-- Symlinking: /home/ros2/Desktop/rosbostito/install/navigation_tb3/share/ament_index/resource_index/package_run_dependencies/navigation_tb3
-- Symlinking: /home/ros2/Desktop/rosbostito/install/navigation_tb3/share/ament_index/resource_index/parent_prefix_path/navigation_tb3
-- Symlinking: /home/ros2/Desktop/rosbostito/install/navigation_tb3/share/navigation_tb3/environment/ament_prefix_path.sh
-- Symlinking: /home/ros2/Desktop/rosbostito/install/navigation_tb3/share/navigation_tb3/environment/ament_prefix_path.dsv
-- Symlinking: /home/ros2/Desktop/rosbostito/install/navigation_tb3/share/navigation_tb3/environment/path.sh
-- Symlinking: /home/ros2/Desktop/rosbostito/install/navigation_tb3/share/navigation_tb3/environment/path.dsv
-- Symlinking: /home/ros2/Desktop/rosbostito/install/navigation_tb3/share/navigation_tb3/local_setup.bash
-- Symlinking: /home/ros2/Desktop/rosbostito/install/navigation_tb3/share/navigation_tb3/local_setup.sh
-- Symlinking: /home/ros2/Desktop/rosbostito/install/navigation_tb3/share/navigation_tb3/local_setup.zsh
-- Symlinking: /home/ros2/Desktop/rosbostito/install/navigation_tb3/share/navigation_tb3/local_setup.dsv
-- Symlinking: /home/ros2/Desktop/rosbostito/install/navigation_tb3/share/navigation_tb3/package.dsv
-- Symlinking: /home/ros2/Desktop/rosbostito/install/navigation_tb3/share/ament_index/resource_index/packages/navigation_tb3
-- Symlinking: /home/ros2/Desktop/rosbostito/install/navigation_tb3/share/navigation_tb3/cmake/navigation_tb3Config.cmake
-- Symlinking: /home/ros2/Desktop/rosbostito/install/navigation_tb3/share/navigation_tb3/cmake/navigation_tb3Config-version.cmake
-- Symlinking: /home/ros2/Desktop/rosbostito/install/navigation_tb3/share/navigation_tb3/package.xml
Listing '/home/ros2/Desktop/rosbostito/install/navigation_tb3/local/lib/python3.10/dist-packages/navigation_tb3'...
Compiling '/home/ros2/Desktop/rosbostito/install/navigation_tb3/local/lib/python3.10/dist-packages/navigation_tb3/__init__.py'...
