[0.015s] Invoking command in '/home/ros2/Desktop/rosbostito/build/navigation_tb3': CMAKE_PREFIX_PATH=/opt/ros/humble /usr/bin/cmake /home/ros2/Desktop/rosbostito/src/navigation_tb3 -DAMENT_CMAKE_SYMLINK_INSTALL=1 -DCMAKE_INSTALL_PREFIX=/home/ros2/Desktop/rosbostito/install/navigation_tb3
[0.073s] -- The C compiler identification is GNU 11.4.0
[0.137s] -- The CXX compiler identification is GNU 11.4.0
[0.146s] -- Detecting C compiler ABI info
[0.222s] -- Detecting C compiler ABI info - done
[0.230s] -- Check for working C compiler: /usr/bin/cc - skipped
[0.230s] -- Detecting C compile features
[0.231s] -- Detecting C compile features - done
[0.236s] -- Detecting CXX compiler ABI info
[0.329s] -- Detecting CXX compiler ABI info - done
[0.340s] -- Check for working CXX compiler: /usr/bin/c++ - skipped
[0.340s] -- Detecting CXX compile features
[0.341s] -- Detecting CXX compile features - done
[0.344s] -- Found ament_cmake: 1.3.9 (/opt/ros/humble/share/ament_cmake/cmake)
[0.507s] -- Found Python3: /usr/bin/python3 (found version "3.10.12") found components: Interpreter 
[0.569s] -- Override CMake install command with custom implementation using symlinks instead of copying resources
[0.608s] -- Found rclcpp: 16.0.9 (/opt/ros/humble/share/rclcpp/cmake)
[0.656s] -- Found rosidl_generator_c: 3.1.5 (/opt/ros/humble/share/rosidl_generator_c/cmake)
[0.662s] -- Found rosidl_adapter: 3.1.5 (/opt/ros/humble/share/rosidl_adapter/cmake)
[0.671s] -- Found rosidl_generator_cpp: 3.1.5 (/opt/ros/humble/share/rosidl_generator_cpp/cmake)
[0.685s] -- Using all available rosidl_typesupport_c: rosidl_typesupport_fastrtps_c;rosidl_typesupport_introspection_c
[0.706s] -- Using all available rosidl_typesupport_cpp: rosidl_typesupport_fastrtps_cpp;rosidl_typesupport_introspection_cpp
[0.782s] -- Found rmw_implementation_cmake: 6.1.2 (/opt/ros/humble/share/rmw_implementation_cmake/cmake)
[0.786s] -- Found rmw_fastrtps_cpp: 6.2.6 (/opt/ros/humble/share/rmw_fastrtps_cpp/cmake)
[0.906s] -- Found OpenSSL: /usr/lib/x86_64-linux-gnu/libcrypto.so (found version "3.0.2")  
[0.940s] -- Found FastRTPS: /opt/ros/humble/include  
[0.994s] -- Using RMW implementation 'rmw_fastrtps_cpp' as default
[1.005s] -- Looking for pthread.h
[1.086s] -- Looking for pthread.h - found
[1.086s] -- Performing Test CMAKE_HAVE_LIBC_PTHREAD
[1.165s] -- Performing Test CMAKE_HAVE_LIBC_PTHREAD - Success
[1.166s] -- Found Threads: TRUE  
[1.372s] -- Found nav_msgs: 4.2.3 (/opt/ros/humble/share/nav_msgs/cmake)
[1.546s] -- Found rclpy: 3.3.13 (/opt/ros/humble/share/rclpy/cmake)
[1.715s] -- Configuring done
[1.727s] -- Generating done
[1.729s] -- Build files have been written to: /home/ros2/Desktop/rosbostito/build/navigation_tb3
[1.741s] Invoked command in '/home/ros2/Desktop/rosbostito/build/navigation_tb3' returned '0': CMAKE_PREFIX_PATH=/opt/ros/humble /usr/bin/cmake /home/ros2/Desktop/rosbostito/src/navigation_tb3 -DAMENT_CMAKE_SYMLINK_INSTALL=1 -DCMAKE_INSTALL_PREFIX=/home/ros2/Desktop/rosbostito/install/navigation_tb3
[1.744s] Invoking command in '/home/ros2/Desktop/rosbostito/build/navigation_tb3': CMAKE_PREFIX_PATH=/opt/ros/humble /usr/bin/cmake --build /home/ros2/Desktop/rosbostito/build/navigation_tb3 -- -j8 -l8
[1.797s] [ 50%] [32mBuilding CXX object CMakeFiles/pub_occupancy_grid.dir/src/pub_occupancy_grid.cpp.o[0m
[1.808s] [ 50%] Built target ament_cmake_python_symlink_navigation_tb3
[2.081s] running egg_info
[2.082s] creating navigation_tb3.egg-info
[2.082s] writing navigation_tb3.egg-info/PKG-INFO
[2.082s] writing dependency_links to navigation_tb3.egg-info/dependency_links.txt
[2.083s] writing top-level names to navigation_tb3.egg-info/top_level.txt
[2.083s] writing manifest file 'navigation_tb3.egg-info/SOURCES.txt'
[2.085s] reading manifest file 'navigation_tb3.egg-info/SOURCES.txt'
[2.086s] writing manifest file 'navigation_tb3.egg-info/SOURCES.txt'
[2.114s] [ 50%] Built target ament_cmake_python_build_navigation_tb3_egg
[6.030s] [100%] [32m[1mLinking CXX executable pub_occupancy_grid[0m
[6.276s] [100%] Built target pub_occupancy_grid
[6.287s] Invoked command in '/home/ros2/Desktop/rosbostito/build/navigation_tb3' returned '0': CMAKE_PREFIX_PATH=/opt/ros/humble /usr/bin/cmake --build /home/ros2/Desktop/rosbostito/build/navigation_tb3 -- -j8 -l8
[6.325s] Invoking command in '/home/ros2/Desktop/rosbostito/build/navigation_tb3': CMAKE_PREFIX_PATH=/opt/ros/humble /usr/bin/cmake --install /home/ros2/Desktop/rosbostito/build/navigation_tb3
[6.333s] -- Install configuration: ""
[6.333s] -- Execute custom install script
[6.334s] -- Symlinking: /home/ros2/Desktop/rosbostito/install/navigation_tb3/lib/navigation_tb3/pub_occupancy_grid
[6.344s] -- Symlinking: /home/ros2/Desktop/rosbostito/install/navigation_tb3/share/navigation_tb3/launch/mapping.launch.py
[6.353s] -- Symlinking: /home/ros2/Desktop/rosbostito/install/navigation_tb3/share/navigation_tb3/launch/navigation.launch.py
[6.363s] -- Symlinking: /home/ros2/Desktop/rosbostito/install/navigation_tb3/share/navigation_tb3/config/mapping.rviz
[6.372s] -- Symlinking: /home/ros2/Desktop/rosbostito/install/navigation_tb3/share/navigation_tb3/config/navigation.rviz
[6.380s] -- Symlinking: /home/ros2/Desktop/rosbostito/install/navigation_tb3/share/navigation_tb3/config/tb3_map.pgm
[6.389s] -- Symlinking: /home/ros2/Desktop/rosbostito/install/navigation_tb3/share/navigation_tb3/config/tb3_map.yaml
[6.397s] -- Symlinking: /home/ros2/Desktop/rosbostito/install/navigation_tb3/share/navigation_tb3/config/tb3_nav2_params.yaml
[6.406s] -- Symlinking: /home/ros2/Desktop/rosbostito/install/navigation_tb3/share/navigation_tb3/config/turtlebot3_lds_2d.lua
[6.415s] -- Symlinking: /home/ros2/Desktop/rosbostito/install/navigation_tb3/share/navigation_tb3/environment/pythonpath.sh
[6.424s] -- Symlinking: /home/ros2/Desktop/rosbostito/install/navigation_tb3/share/navigation_tb3/environment/pythonpath.dsv
[6.434s] -- Symlinking: /home/ros2/Desktop/rosbostito/install/navigation_tb3/local/lib/python3.10/dist-packages/navigation_tb3-0.0.0-py3.10.egg-info/PKG-INFO
[6.445s] -- Symlinking: /home/ros2/Desktop/rosbostito/install/navigation_tb3/local/lib/python3.10/dist-packages/navigation_tb3-0.0.0-py3.10.egg-info/SOURCES.txt
[6.456s] -- Symlinking: /home/ros2/Desktop/rosbostito/install/navigation_tb3/local/lib/python3.10/dist-packages/navigation_tb3-0.0.0-py3.10.egg-info/dependency_links.txt
[6.466s] -- Symlinking: /home/ros2/Desktop/rosbostito/install/navigation_tb3/local/lib/python3.10/dist-packages/navigation_tb3-0.0.0-py3.10.egg-info/top_level.txt
[6.476s] -- Symlinking: /home/ros2/Desktop/rosbostito/install/navigation_tb3/local/lib/python3.10/dist-packages/navigation_tb3/__init__.py
[6.485s] -- Symlinking: /home/ros2/Desktop/rosbostito/install/navigation_tb3/lib/navigation_tb3/single_goal_nav.py
[6.494s] -- Symlinking: /home/ros2/Desktop/rosbostito/install/navigation_tb3/lib/navigation_tb3/multi_waypoints.py
[6.503s] -- Symlinking: /home/ros2/Desktop/rosbostito/install/navigation_tb3/share/ament_index/resource_index/package_run_dependencies/navigation_tb3
[6.512s] -- Symlinking: /home/ros2/Desktop/rosbostito/install/navigation_tb3/share/ament_index/resource_index/parent_prefix_path/navigation_tb3
[6.521s] -- Symlinking: /home/ros2/Desktop/rosbostito/install/navigation_tb3/share/navigation_tb3/environment/ament_prefix_path.sh
[6.531s] -- Symlinking: /home/ros2/Desktop/rosbostito/install/navigation_tb3/share/navigation_tb3/environment/ament_prefix_path.dsv
[6.541s] -- Symlinking: /home/ros2/Desktop/rosbostito/install/navigation_tb3/share/navigation_tb3/environment/path.sh
[6.552s] -- Symlinking: /home/ros2/Desktop/rosbostito/install/navigation_tb3/share/navigation_tb3/environment/path.dsv
[6.561s] -- Symlinking: /home/ros2/Desktop/rosbostito/install/navigation_tb3/share/navigation_tb3/local_setup.bash
[6.570s] -- Symlinking: /home/ros2/Desktop/rosbostito/install/navigation_tb3/share/navigation_tb3/local_setup.sh
[6.579s] -- Symlinking: /home/ros2/Desktop/rosbostito/install/navigation_tb3/share/navigation_tb3/local_setup.zsh
[6.588s] -- Symlinking: /home/ros2/Desktop/rosbostito/install/navigation_tb3/share/navigation_tb3/local_setup.dsv
[6.597s] -- Symlinking: /home/ros2/Desktop/rosbostito/install/navigation_tb3/share/navigation_tb3/package.dsv
[6.606s] -- Symlinking: /home/ros2/Desktop/rosbostito/install/navigation_tb3/share/ament_index/resource_index/packages/navigation_tb3
[6.615s] -- Symlinking: /home/ros2/Desktop/rosbostito/install/navigation_tb3/share/navigation_tb3/cmake/navigation_tb3Config.cmake
[6.624s] -- Symlinking: /home/ros2/Desktop/rosbostito/install/navigation_tb3/share/navigation_tb3/cmake/navigation_tb3Config-version.cmake
[6.633s] -- Symlinking: /home/ros2/Desktop/rosbostito/install/navigation_tb3/share/navigation_tb3/package.xml
[6.672s] Listing '/home/ros2/Desktop/rosbostito/install/navigation_tb3/local/lib/python3.10/dist-packages/navigation_tb3'...
[6.673s] Compiling '/home/ros2/Desktop/rosbostito/install/navigation_tb3/local/lib/python3.10/dist-packages/navigation_tb3/__init__.py'...
[6.680s] Invoked command in '/home/ros2/Desktop/rosbostito/build/navigation_tb3' returned '0': CMAKE_PREFIX_PATH=/opt/ros/humble /usr/bin/cmake --install /home/ros2/Desktop/rosbostito/build/navigation_tb3
