[0.099s] DEBUG:colcon:Command line arguments: ['/usr/bin/colcon', 'build', '--symlink-install']
[0.099s] DEBUG:colcon:Parsed command line arguments: Namespace(log_base=None, log_level=None, verb_name='build', build_base='build', install_base='install', merge_install=False, symlink_install=True, test_result_base=None, continue_on_error=False, executor='parallel', parallel_workers=8, event_handlers=None, ignore_user_meta=False, metas=['./colcon.meta'], base_paths=['.'], packages_ignore=None, packages_ignore_regex=None, paths=None, packages_up_to=None, packages_up_to_regex=None, packages_above=None, packages_above_and_dependencies=None, packages_above_depth=None, packages_select_by_dep=None, packages_skip_by_dep=None, packages_skip_up_to=None, packages_select_build_failed=False, packages_skip_build_finished=False, packages_select_test_failures=False, packages_skip_test_passed=False, packages_select=None, packages_skip=None, packages_select_regex=None, packages_skip_regex=None, packages_start=None, packages_end=None, allow_overriding=[], cmake_args=None, cmake_target=None, cmake_target_skip_unavailable=False, cmake_clean_cache=False, cmake_clean_first=False, cmake_force_configure=False, ament_cmake_args=None, catkin_cmake_args=None, catkin_skip_building_tests=False, verb_parser=<colcon_defaults.argument_parser.defaults.DefaultArgumentsDecorator object at 0x77cdda5a8250>, verb_extension=<colcon_core.verb.build.BuildVerb object at 0x77cdda734dc0>, main=<bound method BuildVerb.main of <colcon_core.verb.build.BuildVerb object at 0x77cdda734dc0>>)
[0.280s] Level 1:colcon.colcon_core.package_discovery:discover_packages(colcon_meta) check parameters
[0.280s] Level 1:colcon.colcon_core.package_discovery:discover_packages(recursive) check parameters
[0.280s] Level 1:colcon.colcon_core.package_discovery:discover_packages(ignore) check parameters
[0.280s] Level 1:colcon.colcon_core.package_discovery:discover_packages(path) check parameters
[0.280s] Level 1:colcon.colcon_core.package_discovery:discover_packages(colcon_meta) discover
[0.280s] Level 1:colcon.colcon_core.package_discovery:discover_packages(recursive) discover
[0.280s] INFO:colcon.colcon_core.package_discovery:Crawling recursively for packages in '/home/ros2/Desktop/rosbostito'
[0.280s] Level 1:colcon.colcon_core.package_identification:_identify(.) by extensions ['ignore', 'ignore_ament_install']
[0.280s] Level 1:colcon.colcon_core.package_identification:_identify(.) by extension 'ignore'
[0.281s] Level 1:colcon.colcon_core.package_identification:_identify(.) by extension 'ignore_ament_install'
[0.281s] Level 1:colcon.colcon_core.package_identification:_identify(.) by extensions ['colcon_pkg']
[0.281s] Level 1:colcon.colcon_core.package_identification:_identify(.) by extension 'colcon_pkg'
[0.281s] Level 1:colcon.colcon_core.package_identification:_identify(.) by extensions ['colcon_meta']
[0.281s] Level 1:colcon.colcon_core.package_identification:_identify(.) by extension 'colcon_meta'
[0.281s] Level 1:colcon.colcon_core.package_identification:_identify(.) by extensions ['ros']
[0.281s] Level 1:colcon.colcon_core.package_identification:_identify(.) by extension 'ros'
[0.292s] Level 1:colcon.colcon_core.package_identification:_identify(.) by extensions ['cmake', 'python']
[0.292s] Level 1:colcon.colcon_core.package_identification:_identify(.) by extension 'cmake'
[0.292s] Level 1:colcon.colcon_core.package_identification:_identify(.) by extension 'python'
[0.292s] Level 1:colcon.colcon_core.package_identification:_identify(.) by extensions ['python_setup_py']
[0.292s] Level 1:colcon.colcon_core.package_identification:_identify(.) by extension 'python_setup_py'
[0.292s] Level 1:colcon.colcon_core.package_identification:_identify(build) by extensions ['ignore', 'ignore_ament_install']
[0.292s] Level 1:colcon.colcon_core.package_identification:_identify(build) by extension 'ignore'
[0.292s] Level 1:colcon.colcon_core.package_identification:_identify(build) ignored
[0.292s] Level 1:colcon.colcon_core.package_identification:_identify(install) by extensions ['ignore', 'ignore_ament_install']
[0.292s] Level 1:colcon.colcon_core.package_identification:_identify(install) by extension 'ignore'
[0.293s] Level 1:colcon.colcon_core.package_identification:_identify(install) ignored
[0.293s] Level 1:colcon.colcon_core.package_identification:_identify(log) by extensions ['ignore', 'ignore_ament_install']
[0.293s] Level 1:colcon.colcon_core.package_identification:_identify(log) by extension 'ignore'
[0.293s] Level 1:colcon.colcon_core.package_identification:_identify(log) ignored
[0.293s] Level 1:colcon.colcon_core.package_identification:_identify(src) by extensions ['ignore', 'ignore_ament_install']
[0.293s] Level 1:colcon.colcon_core.package_identification:_identify(src) by extension 'ignore'
[0.293s] Level 1:colcon.colcon_core.package_identification:_identify(src) by extension 'ignore_ament_install'
[0.293s] Level 1:colcon.colcon_core.package_identification:_identify(src) by extensions ['colcon_pkg']
[0.293s] Level 1:colcon.colcon_core.package_identification:_identify(src) by extension 'colcon_pkg'
[0.293s] Level 1:colcon.colcon_core.package_identification:_identify(src) by extensions ['colcon_meta']
[0.293s] Level 1:colcon.colcon_core.package_identification:_identify(src) by extension 'colcon_meta'
[0.293s] Level 1:colcon.colcon_core.package_identification:_identify(src) by extensions ['ros']
[0.293s] Level 1:colcon.colcon_core.package_identification:_identify(src) by extension 'ros'
[0.293s] Level 1:colcon.colcon_core.package_identification:_identify(src) by extensions ['cmake', 'python']
[0.293s] Level 1:colcon.colcon_core.package_identification:_identify(src) by extension 'cmake'
[0.293s] Level 1:colcon.colcon_core.package_identification:_identify(src) by extension 'python'
[0.294s] Level 1:colcon.colcon_core.package_identification:_identify(src) by extensions ['python_setup_py']
[0.294s] Level 1:colcon.colcon_core.package_identification:_identify(src) by extension 'python_setup_py'
[0.294s] Level 1:colcon.colcon_core.package_identification:_identify(src/navigation_tb3) by extensions ['ignore', 'ignore_ament_install']
[0.294s] Level 1:colcon.colcon_core.package_identification:_identify(src/navigation_tb3) by extension 'ignore'
[0.294s] Level 1:colcon.colcon_core.package_identification:_identify(src/navigation_tb3) by extension 'ignore_ament_install'
[0.294s] Level 1:colcon.colcon_core.package_identification:_identify(src/navigation_tb3) by extensions ['colcon_pkg']
[0.294s] Level 1:colcon.colcon_core.package_identification:_identify(src/navigation_tb3) by extension 'colcon_pkg'
[0.294s] Level 1:colcon.colcon_core.package_identification:_identify(src/navigation_tb3) by extensions ['colcon_meta']
[0.294s] Level 1:colcon.colcon_core.package_identification:_identify(src/navigation_tb3) by extension 'colcon_meta'
[0.294s] Level 1:colcon.colcon_core.package_identification:_identify(src/navigation_tb3) by extensions ['ros']
[0.294s] Level 1:colcon.colcon_core.package_identification:_identify(src/navigation_tb3) by extension 'ros'
[0.297s] DEBUG:colcon.colcon_core.package_identification:Package 'src/navigation_tb3' with type 'ros.ament_cmake' and name 'navigation_tb3'
[0.297s] Level 1:colcon.colcon_core.package_identification:_identify(src/tf_transform) by extensions ['ignore', 'ignore_ament_install']
[0.297s] Level 1:colcon.colcon_core.package_identification:_identify(src/tf_transform) by extension 'ignore'
[0.297s] Level 1:colcon.colcon_core.package_identification:_identify(src/tf_transform) by extension 'ignore_ament_install'
[0.297s] Level 1:colcon.colcon_core.package_identification:_identify(src/tf_transform) by extensions ['colcon_pkg']
[0.297s] Level 1:colcon.colcon_core.package_identification:_identify(src/tf_transform) by extension 'colcon_pkg'
[0.297s] Level 1:colcon.colcon_core.package_identification:_identify(src/tf_transform) by extensions ['colcon_meta']
[0.297s] Level 1:colcon.colcon_core.package_identification:_identify(src/tf_transform) by extension 'colcon_meta'
[0.297s] Level 1:colcon.colcon_core.package_identification:_identify(src/tf_transform) by extensions ['ros']
[0.297s] Level 1:colcon.colcon_core.package_identification:_identify(src/tf_transform) by extension 'ros'
[0.298s] DEBUG:colcon.colcon_core.package_identification:Package 'src/tf_transform' with type 'ros.ament_python' and name 'tf_transform'
[0.298s] Level 1:colcon.colcon_core.package_discovery:discover_packages(recursive) using defaults
[0.298s] Level 1:colcon.colcon_core.package_discovery:discover_packages(ignore) discover
[0.298s] Level 1:colcon.colcon_core.package_discovery:discover_packages(ignore) using defaults
[0.298s] Level 1:colcon.colcon_core.package_discovery:discover_packages(path) discover
[0.298s] Level 1:colcon.colcon_core.package_discovery:discover_packages(path) using defaults
[0.316s] Level 1:colcon.colcon_core.package_discovery:discover_packages(prefix_path) check parameters
[0.316s] Level 1:colcon.colcon_core.package_discovery:discover_packages(prefix_path) discover
[0.319s] DEBUG:colcon.colcon_installed_package_information.package_discovery:Found 420 installed packages in /opt/ros/humble
[0.330s] Level 1:colcon.colcon_core.package_discovery:discover_packages(prefix_path) using defaults
[0.378s] Level 5:colcon.colcon_core.verb:set package 'navigation_tb3' build argument 'cmake_args' from command line to 'None'
[0.379s] Level 5:colcon.colcon_core.verb:set package 'navigation_tb3' build argument 'cmake_target' from command line to 'None'
[0.379s] Level 5:colcon.colcon_core.verb:set package 'navigation_tb3' build argument 'cmake_target_skip_unavailable' from command line to 'False'
[0.379s] Level 5:colcon.colcon_core.verb:set package 'navigation_tb3' build argument 'cmake_clean_cache' from command line to 'False'
[0.379s] Level 5:colcon.colcon_core.verb:set package 'navigation_tb3' build argument 'cmake_clean_first' from command line to 'False'
[0.379s] Level 5:colcon.colcon_core.verb:set package 'navigation_tb3' build argument 'cmake_force_configure' from command line to 'False'
[0.379s] Level 5:colcon.colcon_core.verb:set package 'navigation_tb3' build argument 'ament_cmake_args' from command line to 'None'
[0.379s] Level 5:colcon.colcon_core.verb:set package 'navigation_tb3' build argument 'catkin_cmake_args' from command line to 'None'
[0.379s] Level 5:colcon.colcon_core.verb:set package 'navigation_tb3' build argument 'catkin_skip_building_tests' from command line to 'False'
[0.379s] DEBUG:colcon.colcon_core.verb:Building package 'navigation_tb3' with the following arguments: {'ament_cmake_args': None, 'build_base': '/home/ros2/Desktop/rosbostito/build/navigation_tb3', 'catkin_cmake_args': None, 'catkin_skip_building_tests': False, 'cmake_args': None, 'cmake_clean_cache': False, 'cmake_clean_first': False, 'cmake_force_configure': False, 'cmake_target': None, 'cmake_target_skip_unavailable': False, 'install_base': '/home/ros2/Desktop/rosbostito/install/navigation_tb3', 'merge_install': False, 'path': '/home/ros2/Desktop/rosbostito/src/navigation_tb3', 'symlink_install': True, 'test_result_base': None}
[0.379s] Level 5:colcon.colcon_core.verb:set package 'tf_transform' build argument 'cmake_args' from command line to 'None'
[0.379s] Level 5:colcon.colcon_core.verb:set package 'tf_transform' build argument 'cmake_target' from command line to 'None'
[0.379s] Level 5:colcon.colcon_core.verb:set package 'tf_transform' build argument 'cmake_target_skip_unavailable' from command line to 'False'
[0.379s] Level 5:colcon.colcon_core.verb:set package 'tf_transform' build argument 'cmake_clean_cache' from command line to 'False'
[0.379s] Level 5:colcon.colcon_core.verb:set package 'tf_transform' build argument 'cmake_clean_first' from command line to 'False'
[0.379s] Level 5:colcon.colcon_core.verb:set package 'tf_transform' build argument 'cmake_force_configure' from command line to 'False'
[0.379s] Level 5:colcon.colcon_core.verb:set package 'tf_transform' build argument 'ament_cmake_args' from command line to 'None'
[0.379s] Level 5:colcon.colcon_core.verb:set package 'tf_transform' build argument 'catkin_cmake_args' from command line to 'None'
[0.379s] Level 5:colcon.colcon_core.verb:set package 'tf_transform' build argument 'catkin_skip_building_tests' from command line to 'False'
[0.379s] DEBUG:colcon.colcon_core.verb:Building package 'tf_transform' with the following arguments: {'ament_cmake_args': None, 'build_base': '/home/ros2/Desktop/rosbostito/build/tf_transform', 'catkin_cmake_args': None, 'catkin_skip_building_tests': False, 'cmake_args': None, 'cmake_clean_cache': False, 'cmake_clean_first': False, 'cmake_force_configure': False, 'cmake_target': None, 'cmake_target_skip_unavailable': False, 'install_base': '/home/ros2/Desktop/rosbostito/install/tf_transform', 'merge_install': False, 'path': '/home/ros2/Desktop/rosbostito/src/tf_transform', 'symlink_install': True, 'test_result_base': None}
[0.380s] INFO:colcon.colcon_core.executor:Executing jobs using 'parallel' executor
[0.381s] DEBUG:colcon.colcon_parallel_executor.executor.parallel:run_until_complete
[0.381s] INFO:colcon.colcon_ros.task.ament_cmake.build:Building ROS package in '/home/ros2/Desktop/rosbostito/src/navigation_tb3' with build type 'ament_cmake'
[0.381s] INFO:colcon.colcon_cmake.task.cmake.build:Building CMake package in '/home/ros2/Desktop/rosbostito/src/navigation_tb3'
[0.383s] INFO:colcon.colcon_core.plugin_system:Skipping extension 'colcon_core.shell.bat': Not used on non-Windows systems
[0.384s] INFO:colcon.colcon_core.shell:Skip shell extension 'powershell' for command environment: Not usable outside of PowerShell
[0.384s] DEBUG:colcon.colcon_core.shell:Skip shell extension 'dsv' for command environment
[0.387s] INFO:colcon.colcon_ros.task.ament_python.build:Building ROS package in '/home/ros2/Desktop/rosbostito/src/tf_transform' with build type 'ament_python'
[0.387s] Level 1:colcon.colcon_core.shell:create_environment_hook('tf_transform', 'ament_prefix_path')
[0.388s] INFO:colcon.colcon_core.shell:Creating environment hook '/home/ros2/Desktop/rosbostito/install/tf_transform/share/tf_transform/hook/ament_prefix_path.ps1'
[0.388s] INFO:colcon.colcon_core.shell:Creating environment descriptor '/home/ros2/Desktop/rosbostito/install/tf_transform/share/tf_transform/hook/ament_prefix_path.dsv'
[0.389s] INFO:colcon.colcon_core.shell:Creating environment hook '/home/ros2/Desktop/rosbostito/install/tf_transform/share/tf_transform/hook/ament_prefix_path.sh'
[0.390s] INFO:colcon.colcon_core.shell:Skip shell extension 'powershell' for command environment: Not usable outside of PowerShell
[0.390s] DEBUG:colcon.colcon_core.shell:Skip shell extension 'dsv' for command environment
[0.398s] DEBUG:colcon.colcon_core.event_handler.log_command:Invoking command in '/home/ros2/Desktop/rosbostito/build/navigation_tb3': CMAKE_PREFIX_PATH=/opt/ros/humble /usr/bin/cmake /home/ros2/Desktop/rosbostito/src/navigation_tb3 -DAMENT_CMAKE_SYMLINK_INSTALL=1 -DCMAKE_INSTALL_PREFIX=/home/ros2/Desktop/rosbostito/install/navigation_tb3
[0.692s] INFO:colcon.colcon_core.task.python.build:Building Python package in '/home/ros2/Desktop/rosbostito/src/tf_transform'
[0.693s] INFO:colcon.colcon_core.shell:Skip shell extension 'powershell' for command environment: Not usable outside of PowerShell
[0.693s] DEBUG:colcon.colcon_core.shell:Skip shell extension 'dsv' for command environment
[1.199s] DEBUG:colcon.colcon_core.event_handler.log_command:Invoking command in '/home/ros2/Desktop/rosbostito/build/tf_transform': PYTHONPATH=/home/ros2/Desktop/rosbostito/build/tf_transform/prefix_override:/home/ros2/Desktop/rosbostito/install/tf_transform/lib/python3.10/site-packages:${PYTHONPATH} /usr/bin/python3 -W ignore:setup.py install is deprecated setup.py develop --editable --build-directory /home/ros2/Desktop/rosbostito/build/tf_transform/build --no-deps symlink_data
[1.721s] Level 1:colcon.colcon_core.shell:create_environment_hook('tf_transform', 'pythonpath_develop')
[1.722s] INFO:colcon.colcon_core.shell:Creating environment hook '/home/ros2/Desktop/rosbostito/build/tf_transform/share/tf_transform/hook/pythonpath_develop.ps1'
[1.722s] DEBUG:colcon.colcon_core.event_handler.log_command:Invoked command in '/home/ros2/Desktop/rosbostito/build/tf_transform' returned '0': PYTHONPATH=/home/ros2/Desktop/rosbostito/build/tf_transform/prefix_override:/home/ros2/Desktop/rosbostito/install/tf_transform/lib/python3.10/site-packages:${PYTHONPATH} /usr/bin/python3 -W ignore:setup.py install is deprecated setup.py develop --editable --build-directory /home/ros2/Desktop/rosbostito/build/tf_transform/build --no-deps symlink_data
[1.723s] INFO:colcon.colcon_core.shell:Creating environment descriptor '/home/ros2/Desktop/rosbostito/build/tf_transform/share/tf_transform/hook/pythonpath_develop.dsv'
[1.723s] INFO:colcon.colcon_core.shell:Creating environment hook '/home/ros2/Desktop/rosbostito/build/tf_transform/share/tf_transform/hook/pythonpath_develop.sh'
[1.727s] Level 1:colcon.colcon_core.environment:checking '/home/ros2/Desktop/rosbostito/install/tf_transform' for CMake module files
[1.728s] Level 1:colcon.colcon_core.environment:checking '/home/ros2/Desktop/rosbostito/install/tf_transform' for CMake config files
[1.729s] Level 1:colcon.colcon_core.environment:checking '/home/ros2/Desktop/rosbostito/install/tf_transform/lib'
[1.729s] Level 1:colcon.colcon_core.environment:checking '/home/ros2/Desktop/rosbostito/install/tf_transform/bin'
[1.729s] Level 1:colcon.colcon_core.environment:checking '/home/ros2/Desktop/rosbostito/install/tf_transform/lib/pkgconfig/tf_transform.pc'
[1.729s] Level 1:colcon.colcon_core.environment:checking '/home/ros2/Desktop/rosbostito/install/tf_transform/lib/python3.10/site-packages'
[1.729s] Level 1:colcon.colcon_core.shell:create_environment_hook('tf_transform', 'pythonpath')
[1.730s] INFO:colcon.colcon_core.shell:Creating environment hook '/home/ros2/Desktop/rosbostito/install/tf_transform/share/tf_transform/hook/pythonpath.ps1'
[1.731s] INFO:colcon.colcon_core.shell:Creating environment descriptor '/home/ros2/Desktop/rosbostito/install/tf_transform/share/tf_transform/hook/pythonpath.dsv'
[1.731s] INFO:colcon.colcon_core.shell:Creating environment hook '/home/ros2/Desktop/rosbostito/install/tf_transform/share/tf_transform/hook/pythonpath.sh'
[1.732s] Level 1:colcon.colcon_core.environment:checking '/home/ros2/Desktop/rosbostito/install/tf_transform/bin'
[1.732s] Level 1:colcon.colcon_core.environment:create_environment_scripts_only(tf_transform)
[1.732s] INFO:colcon.colcon_core.shell:Creating package script '/home/ros2/Desktop/rosbostito/install/tf_transform/share/tf_transform/package.ps1'
[1.734s] INFO:colcon.colcon_core.shell:Creating package descriptor '/home/ros2/Desktop/rosbostito/install/tf_transform/share/tf_transform/package.dsv'
[1.735s] INFO:colcon.colcon_core.shell:Creating package script '/home/ros2/Desktop/rosbostito/install/tf_transform/share/tf_transform/package.sh'
[1.736s] INFO:colcon.colcon_core.shell:Creating package script '/home/ros2/Desktop/rosbostito/install/tf_transform/share/tf_transform/package.bash'
[1.737s] INFO:colcon.colcon_core.shell:Creating package script '/home/ros2/Desktop/rosbostito/install/tf_transform/share/tf_transform/package.zsh'
[1.738s] Level 1:colcon.colcon_core.environment:create_file_with_runtime_dependencies(/home/ros2/Desktop/rosbostito/install/tf_transform/share/colcon-core/packages/tf_transform)
[2.123s] DEBUG:colcon.colcon_core.event_handler.log_command:Invoked command in '/home/ros2/Desktop/rosbostito/build/navigation_tb3' returned '0': CMAKE_PREFIX_PATH=/opt/ros/humble /usr/bin/cmake /home/ros2/Desktop/rosbostito/src/navigation_tb3 -DAMENT_CMAKE_SYMLINK_INSTALL=1 -DCMAKE_INSTALL_PREFIX=/home/ros2/Desktop/rosbostito/install/navigation_tb3
[2.126s] DEBUG:colcon.colcon_core.event_handler.log_command:Invoking command in '/home/ros2/Desktop/rosbostito/build/navigation_tb3': CMAKE_PREFIX_PATH=/opt/ros/humble /usr/bin/cmake --build /home/ros2/Desktop/rosbostito/build/navigation_tb3 -- -j8 -l8
[6.669s] DEBUG:colcon.colcon_core.event_handler.log_command:Invoked command in '/home/ros2/Desktop/rosbostito/build/navigation_tb3' returned '0': CMAKE_PREFIX_PATH=/opt/ros/humble /usr/bin/cmake --build /home/ros2/Desktop/rosbostito/build/navigation_tb3 -- -j8 -l8
[6.707s] DEBUG:colcon.colcon_core.event_handler.log_command:Invoking command in '/home/ros2/Desktop/rosbostito/build/navigation_tb3': CMAKE_PREFIX_PATH=/opt/ros/humble /usr/bin/cmake --install /home/ros2/Desktop/rosbostito/build/navigation_tb3
[7.061s] Level 1:colcon.colcon_core.environment:create_environment_scripts_only(navigation_tb3)
[7.061s] Level 1:colcon.colcon_core.environment:checking '/home/ros2/Desktop/rosbostito/install/navigation_tb3' for CMake module files
[7.062s] DEBUG:colcon.colcon_core.event_handler.log_command:Invoked command in '/home/ros2/Desktop/rosbostito/build/navigation_tb3' returned '0': CMAKE_PREFIX_PATH=/opt/ros/humble /usr/bin/cmake --install /home/ros2/Desktop/rosbostito/build/navigation_tb3
[7.063s] Level 1:colcon.colcon_core.environment:checking '/home/ros2/Desktop/rosbostito/install/navigation_tb3' for CMake config files
[7.063s] Level 1:colcon.colcon_core.shell:create_environment_hook('navigation_tb3', 'cmake_prefix_path')
[7.063s] INFO:colcon.colcon_core.shell:Creating environment hook '/home/ros2/Desktop/rosbostito/install/navigation_tb3/share/navigation_tb3/hook/cmake_prefix_path.ps1'
[7.064s] INFO:colcon.colcon_core.shell:Creating environment descriptor '/home/ros2/Desktop/rosbostito/install/navigation_tb3/share/navigation_tb3/hook/cmake_prefix_path.dsv'
[7.064s] INFO:colcon.colcon_core.shell:Creating environment hook '/home/ros2/Desktop/rosbostito/install/navigation_tb3/share/navigation_tb3/hook/cmake_prefix_path.sh'
[7.065s] Level 1:colcon.colcon_core.environment:checking '/home/ros2/Desktop/rosbostito/install/navigation_tb3/lib'
[7.065s] Level 1:colcon.colcon_core.environment:checking '/home/ros2/Desktop/rosbostito/install/navigation_tb3/bin'
[7.065s] Level 1:colcon.colcon_core.environment:checking '/home/ros2/Desktop/rosbostito/install/navigation_tb3/lib/pkgconfig/navigation_tb3.pc'
[7.065s] Level 1:colcon.colcon_core.environment:checking '/home/ros2/Desktop/rosbostito/install/navigation_tb3/lib/python3.10/site-packages'
[7.066s] Level 1:colcon.colcon_core.environment:checking '/home/ros2/Desktop/rosbostito/install/navigation_tb3/bin'
[7.066s] INFO:colcon.colcon_core.shell:Creating package script '/home/ros2/Desktop/rosbostito/install/navigation_tb3/share/navigation_tb3/package.ps1'
[7.066s] INFO:colcon.colcon_core.shell:Creating package descriptor '/home/ros2/Desktop/rosbostito/install/navigation_tb3/share/navigation_tb3/package.dsv'
[7.067s] INFO:colcon.colcon_core.shell:Creating package script '/home/ros2/Desktop/rosbostito/install/navigation_tb3/share/navigation_tb3/package.sh'
[7.068s] INFO:colcon.colcon_core.shell:Creating package script '/home/ros2/Desktop/rosbostito/install/navigation_tb3/share/navigation_tb3/package.bash'
[7.068s] INFO:colcon.colcon_core.shell:Creating package script '/home/ros2/Desktop/rosbostito/install/navigation_tb3/share/navigation_tb3/package.zsh'
[7.068s] Level 1:colcon.colcon_core.environment:create_file_with_runtime_dependencies(/home/ros2/Desktop/rosbostito/install/navigation_tb3/share/colcon-core/packages/navigation_tb3)
[7.098s] Level 1:colcon.colcon_core.environment:create_environment_scripts_only(navigation_tb3)
[7.098s] Level 1:colcon.colcon_core.environment:checking '/home/ros2/Desktop/rosbostito/install/navigation_tb3' for CMake module files
[7.099s] Level 1:colcon.colcon_core.environment:checking '/home/ros2/Desktop/rosbostito/install/navigation_tb3' for CMake config files
[7.100s] Level 1:colcon.colcon_core.shell:create_environment_hook('navigation_tb3', 'cmake_prefix_path')
[7.100s] INFO:colcon.colcon_core.shell:Creating environment hook '/home/ros2/Desktop/rosbostito/install/navigation_tb3/share/navigation_tb3/hook/cmake_prefix_path.ps1'
[7.100s] INFO:colcon.colcon_core.shell:Creating environment descriptor '/home/ros2/Desktop/rosbostito/install/navigation_tb3/share/navigation_tb3/hook/cmake_prefix_path.dsv'
[7.101s] INFO:colcon.colcon_core.shell:Creating environment hook '/home/ros2/Desktop/rosbostito/install/navigation_tb3/share/navigation_tb3/hook/cmake_prefix_path.sh'
[7.101s] Level 1:colcon.colcon_core.environment:checking '/home/ros2/Desktop/rosbostito/install/navigation_tb3/lib'
[7.102s] Level 1:colcon.colcon_core.environment:checking '/home/ros2/Desktop/rosbostito/install/navigation_tb3/bin'
[7.102s] Level 1:colcon.colcon_core.environment:checking '/home/ros2/Desktop/rosbostito/install/navigation_tb3/lib/pkgconfig/navigation_tb3.pc'
[7.102s] Level 1:colcon.colcon_core.environment:checking '/home/ros2/Desktop/rosbostito/install/navigation_tb3/lib/python3.10/site-packages'
[7.102s] Level 1:colcon.colcon_core.environment:checking '/home/ros2/Desktop/rosbostito/install/navigation_tb3/bin'
[7.103s] INFO:colcon.colcon_core.shell:Creating package script '/home/ros2/Desktop/rosbostito/install/navigation_tb3/share/navigation_tb3/package.ps1'
[7.103s] INFO:colcon.colcon_core.shell:Creating package descriptor '/home/ros2/Desktop/rosbostito/install/navigation_tb3/share/navigation_tb3/package.dsv'
[7.104s] INFO:colcon.colcon_core.shell:Creating package script '/home/ros2/Desktop/rosbostito/install/navigation_tb3/share/navigation_tb3/package.sh'
[7.104s] INFO:colcon.colcon_core.shell:Creating package script '/home/ros2/Desktop/rosbostito/install/navigation_tb3/share/navigation_tb3/package.bash'
[7.104s] INFO:colcon.colcon_core.shell:Creating package script '/home/ros2/Desktop/rosbostito/install/navigation_tb3/share/navigation_tb3/package.zsh'
[7.105s] Level 1:colcon.colcon_core.environment:create_file_with_runtime_dependencies(/home/ros2/Desktop/rosbostito/install/navigation_tb3/share/colcon-core/packages/navigation_tb3)
[7.105s] DEBUG:colcon.colcon_parallel_executor.executor.parallel:closing loop
[7.105s] DEBUG:colcon.colcon_parallel_executor.executor.parallel:loop closed
[7.106s] DEBUG:colcon.colcon_parallel_executor.executor.parallel:run_until_complete finished with '0'
[7.106s] DEBUG:colcon.colcon_core.event_reactor:joining thread
[7.111s] INFO:colcon.colcon_core.plugin_system:Skipping extension 'colcon_notification.desktop_notification.terminal_notifier': Not used on non-Darwin systems
[7.111s] INFO:colcon.colcon_core.plugin_system:Skipping extension 'colcon_notification.desktop_notification.win32': Not used on non-Windows systems
[7.111s] INFO:colcon.colcon_notification.desktop_notification:Sending desktop notification using 'notify2'
[7.126s] DEBUG:colcon.colcon_core.event_reactor:joined thread
[7.127s] INFO:colcon.colcon_core.shell:Creating prefix script '/home/ros2/Desktop/rosbostito/install/local_setup.ps1'
[7.128s] INFO:colcon.colcon_core.shell:Creating prefix util module '/home/ros2/Desktop/rosbostito/install/_local_setup_util_ps1.py'
[7.129s] INFO:colcon.colcon_core.shell:Creating prefix chain script '/home/ros2/Desktop/rosbostito/install/setup.ps1'
[7.130s] INFO:colcon.colcon_core.shell:Creating prefix script '/home/ros2/Desktop/rosbostito/install/local_setup.sh'
[7.131s] INFO:colcon.colcon_core.shell:Creating prefix util module '/home/ros2/Desktop/rosbostito/install/_local_setup_util_sh.py'
[7.131s] INFO:colcon.colcon_core.shell:Creating prefix chain script '/home/ros2/Desktop/rosbostito/install/setup.sh'
[7.132s] INFO:colcon.colcon_core.shell:Creating prefix script '/home/ros2/Desktop/rosbostito/install/local_setup.bash'
[7.133s] INFO:colcon.colcon_core.shell:Creating prefix chain script '/home/ros2/Desktop/rosbostito/install/setup.bash'
[7.134s] INFO:colcon.colcon_core.shell:Creating prefix script '/home/ros2/Desktop/rosbostito/install/local_setup.zsh'
[7.134s] INFO:colcon.colcon_core.shell:Creating prefix chain script '/home/ros2/Desktop/rosbostito/install/setup.zsh'
