[0.762s] Invoking command in '/home/ros2/Desktop/rosbostito/build/tf_transform': PYTHONPATH=/home/ros2/Desktop/rosbostito/build/tf_transform/prefix_override:/home/ros2/Desktop/rosbostito/install/tf_transform/lib/python3.10/site-packages:${PYTHONPATH} /usr/bin/python3 -W ignore:setup.py install is deprecated setup.py develop --editable --build-directory /home/ros2/Desktop/rosbostito/build/tf_transform/build --no-deps symlink_data
[1.051s] running develop
[1.051s] /usr/lib/python3/dist-packages/setuptools/command/easy_install.py:158: EasyInstallDeprecationWarning: easy_install command is deprecated. Use build and pip and other standards-based tools.
[1.051s]   warnings.warn(
[1.233s] running egg_info
[1.233s] writing tf_transform.egg-info/PKG-INFO
[1.233s] writing dependency_links to tf_transform.egg-info/dependency_links.txt
[1.234s] writing entry points to tf_transform.egg-info/entry_points.txt
[1.234s] writing requirements to tf_transform.egg-info/requires.txt
[1.234s] writing top-level names to tf_transform.egg-info/top_level.txt
[1.236s] reading manifest file 'tf_transform.egg-info/SOURCES.txt'
[1.236s] writing manifest file 'tf_transform.egg-info/SOURCES.txt'
[1.238s] running build_ext
[1.238s] Creating /home/ros2/Desktop/rosbostito/install/tf_transform/lib/python3.10/site-packages/tf-transform.egg-link (link to .)
[1.239s] Installing OdomRead script to /home/ros2/Desktop/rosbostito/install/tf_transform/lib/tf_transform
[1.239s] Installing TF2Read script to /home/ros2/Desktop/rosbostito/install/tf_transform/lib/tf_transform
[1.239s] Installing testTransform script to /home/ros2/Desktop/rosbostito/install/tf_transform/lib/tf_transform
[1.239s] 
[1.239s] Installed /home/ros2/Desktop/rosbostito/build/tf_transform
[1.239s] running symlink_data
[1.268s] Invoked command in '/home/ros2/Desktop/rosbostito/build/tf_transform' returned '0': PYTHONPATH=/home/ros2/Desktop/rosbostito/build/tf_transform/prefix_override:/home/ros2/Desktop/rosbostito/install/tf_transform/lib/python3.10/site-packages:${PYTHONPATH} /usr/bin/python3 -W ignore:setup.py install is deprecated setup.py develop --editable --build-directory /home/ros2/Desktop/rosbostito/build/tf_transform/build --no-deps symlink_data
