[0.102s] DEBUG:colcon:Command line arguments: ['/usr/bin/colcon', 'build', '--symlink-install']
[0.102s] DEBUG:colcon:Parsed command line arguments: Namespace(log_base=None, log_level=None, verb_name='build', build_base='build', install_base='install', merge_install=False, symlink_install=True, test_result_base=None, continue_on_error=False, executor='parallel', parallel_workers=8, event_handlers=None, ignore_user_meta=False, metas=['./colcon.meta'], base_paths=['.'], packages_ignore=None, packages_ignore_regex=None, paths=None, packages_up_to=None, packages_up_to_regex=None, packages_above=None, packages_above_and_dependencies=None, packages_above_depth=None, packages_select_by_dep=None, packages_skip_by_dep=None, packages_skip_up_to=None, packages_select_build_failed=False, packages_skip_build_finished=False, packages_select_test_failures=False, packages_skip_test_passed=False, packages_select=None, packages_skip=None, packages_select_regex=None, packages_skip_regex=None, packages_start=None, packages_end=None, allow_overriding=[], cmake_args=None, cmake_target=None, cmake_target_skip_unavailable=False, cmake_clean_cache=False, cmake_clean_first=False, cmake_force_configure=False, ament_cmake_args=None, catkin_cmake_args=None, catkin_skip_building_tests=False, verb_parser=<colcon_defaults.argument_parser.defaults.DefaultArgumentsDecorator object at 0x773c06ab0550>, verb_extension=<colcon_core.verb.build.BuildVerb object at 0x773c06c450c0>, main=<bound method BuildVerb.main of <colcon_core.verb.build.BuildVerb object at 0x773c06c450c0>>)
[0.279s] Level 1:colcon.colcon_core.package_discovery:discover_packages(colcon_meta) check parameters
[0.279s] Level 1:colcon.colcon_core.package_discovery:discover_packages(recursive) check parameters
[0.279s] Level 1:colcon.colcon_core.package_discovery:discover_packages(ignore) check parameters
[0.279s] Level 1:colcon.colcon_core.package_discovery:discover_packages(path) check parameters
[0.279s] Level 1:colcon.colcon_core.package_discovery:discover_packages(colcon_meta) discover
[0.279s] Level 1:colcon.colcon_core.package_discovery:discover_packages(recursive) discover
[0.279s] INFO:colcon.colcon_core.package_discovery:Crawling recursively for packages in '/home/ros2/Desktop/rosbostito'
[0.279s] Level 1:colcon.colcon_core.package_identification:_identify(.) by extensions ['ignore', 'ignore_ament_install']
[0.279s] Level 1:colcon.colcon_core.package_identification:_identify(.) by extension 'ignore'
[0.279s] Level 1:colcon.colcon_core.package_identification:_identify(.) by extension 'ignore_ament_install'
[0.280s] Level 1:colcon.colcon_core.package_identification:_identify(.) by extensions ['colcon_pkg']
[0.280s] Level 1:colcon.colcon_core.package_identification:_identify(.) by extension 'colcon_pkg'
[0.280s] Level 1:colcon.colcon_core.package_identification:_identify(.) by extensions ['colcon_meta']
[0.280s] Level 1:colcon.colcon_core.package_identification:_identify(.) by extension 'colcon_meta'
[0.280s] Level 1:colcon.colcon_core.package_identification:_identify(.) by extensions ['ros']
[0.280s] Level 1:colcon.colcon_core.package_identification:_identify(.) by extension 'ros'
[0.290s] Level 1:colcon.colcon_core.package_identification:_identify(.) by extensions ['cmake', 'python']
[0.290s] Level 1:colcon.colcon_core.package_identification:_identify(.) by extension 'cmake'
[0.290s] Level 1:colcon.colcon_core.package_identification:_identify(.) by extension 'python'
[0.290s] Level 1:colcon.colcon_core.package_identification:_identify(.) by extensions ['python_setup_py']
[0.291s] Level 1:colcon.colcon_core.package_identification:_identify(.) by extension 'python_setup_py'
[0.291s] Level 1:colcon.colcon_core.package_identification:_identify(build) by extensions ['ignore', 'ignore_ament_install']
[0.291s] Level 1:colcon.colcon_core.package_identification:_identify(build) by extension 'ignore'
[0.291s] Level 1:colcon.colcon_core.package_identification:_identify(build) ignored
[0.291s] Level 1:colcon.colcon_core.package_identification:_identify(install) by extensions ['ignore', 'ignore_ament_install']
[0.291s] Level 1:colcon.colcon_core.package_identification:_identify(install) by extension 'ignore'
[0.291s] Level 1:colcon.colcon_core.package_identification:_identify(install) ignored
[0.291s] Level 1:colcon.colcon_core.package_identification:_identify(log) by extensions ['ignore', 'ignore_ament_install']
[0.291s] Level 1:colcon.colcon_core.package_identification:_identify(log) by extension 'ignore'
[0.291s] Level 1:colcon.colcon_core.package_identification:_identify(log) ignored
[0.291s] Level 1:colcon.colcon_core.package_identification:_identify(src) by extensions ['ignore', 'ignore_ament_install']
[0.292s] Level 1:colcon.colcon_core.package_identification:_identify(src) by extension 'ignore'
[0.292s] Level 1:colcon.colcon_core.package_identification:_identify(src) by extension 'ignore_ament_install'
[0.292s] Level 1:colcon.colcon_core.package_identification:_identify(src) by extensions ['colcon_pkg']
[0.292s] Level 1:colcon.colcon_core.package_identification:_identify(src) by extension 'colcon_pkg'
[0.292s] Level 1:colcon.colcon_core.package_identification:_identify(src) by extensions ['colcon_meta']
[0.292s] Level 1:colcon.colcon_core.package_identification:_identify(src) by extension 'colcon_meta'
[0.292s] Level 1:colcon.colcon_core.package_identification:_identify(src) by extensions ['ros']
[0.292s] Level 1:colcon.colcon_core.package_identification:_identify(src) by extension 'ros'
[0.292s] Level 1:colcon.colcon_core.package_identification:_identify(src) by extensions ['cmake', 'python']
[0.292s] Level 1:colcon.colcon_core.package_identification:_identify(src) by extension 'cmake'
[0.292s] Level 1:colcon.colcon_core.package_identification:_identify(src) by extension 'python'
[0.292s] Level 1:colcon.colcon_core.package_identification:_identify(src) by extensions ['python_setup_py']
[0.292s] Level 1:colcon.colcon_core.package_identification:_identify(src) by extension 'python_setup_py'
[0.292s] Level 1:colcon.colcon_core.package_identification:_identify(src/moveMotor) by extensions ['ignore', 'ignore_ament_install']
[0.292s] Level 1:colcon.colcon_core.package_identification:_identify(src/moveMotor) by extension 'ignore'
[0.292s] Level 1:colcon.colcon_core.package_identification:_identify(src/moveMotor) by extension 'ignore_ament_install'
[0.292s] Level 1:colcon.colcon_core.package_identification:_identify(src/moveMotor) by extensions ['colcon_pkg']
[0.292s] Level 1:colcon.colcon_core.package_identification:_identify(src/moveMotor) by extension 'colcon_pkg'
[0.292s] Level 1:colcon.colcon_core.package_identification:_identify(src/moveMotor) by extensions ['colcon_meta']
[0.293s] Level 1:colcon.colcon_core.package_identification:_identify(src/moveMotor) by extension 'colcon_meta'
[0.293s] Level 1:colcon.colcon_core.package_identification:_identify(src/moveMotor) by extensions ['ros']
[0.293s] Level 1:colcon.colcon_core.package_identification:_identify(src/moveMotor) by extension 'ros'
[0.295s] DEBUG:colcon.colcon_core.package_identification:Package 'src/moveMotor' with type 'ros.ament_python' and name 'moveMotor'
[0.295s] Level 1:colcon.colcon_core.package_identification:_identify(src/navigation_tb3) by extensions ['ignore', 'ignore_ament_install']
[0.295s] Level 1:colcon.colcon_core.package_identification:_identify(src/navigation_tb3) by extension 'ignore'
[0.295s] Level 1:colcon.colcon_core.package_identification:_identify(src/navigation_tb3) by extension 'ignore_ament_install'
[0.295s] Level 1:colcon.colcon_core.package_identification:_identify(src/navigation_tb3) by extensions ['colcon_pkg']
[0.295s] Level 1:colcon.colcon_core.package_identification:_identify(src/navigation_tb3) by extension 'colcon_pkg'
[0.295s] Level 1:colcon.colcon_core.package_identification:_identify(src/navigation_tb3) by extensions ['colcon_meta']
[0.296s] Level 1:colcon.colcon_core.package_identification:_identify(src/navigation_tb3) by extension 'colcon_meta'
[0.296s] Level 1:colcon.colcon_core.package_identification:_identify(src/navigation_tb3) by extensions ['ros']
[0.296s] Level 1:colcon.colcon_core.package_identification:_identify(src/navigation_tb3) by extension 'ros'
[0.296s] DEBUG:colcon.colcon_core.package_identification:Package 'src/navigation_tb3' with type 'ros.ament_cmake' and name 'navigation_tb3'
[0.296s] Level 1:colcon.colcon_core.package_identification:_identify(src/tf_transform) by extensions ['ignore', 'ignore_ament_install']
[0.297s] Level 1:colcon.colcon_core.package_identification:_identify(src/tf_transform) by extension 'ignore'
[0.297s] Level 1:colcon.colcon_core.package_identification:_identify(src/tf_transform) by extension 'ignore_ament_install'
[0.297s] Level 1:colcon.colcon_core.package_identification:_identify(src/tf_transform) by extensions ['colcon_pkg']
[0.297s] Level 1:colcon.colcon_core.package_identification:_identify(src/tf_transform) by extension 'colcon_pkg'
[0.297s] Level 1:colcon.colcon_core.package_identification:_identify(src/tf_transform) by extensions ['colcon_meta']
[0.297s] Level 1:colcon.colcon_core.package_identification:_identify(src/tf_transform) by extension 'colcon_meta'
[0.297s] Level 1:colcon.colcon_core.package_identification:_identify(src/tf_transform) by extensions ['ros']
[0.297s] Level 1:colcon.colcon_core.package_identification:_identify(src/tf_transform) by extension 'ros'
[0.297s] DEBUG:colcon.colcon_core.package_identification:Package 'src/tf_transform' with type 'ros.ament_python' and name 'tf_transform'
[0.297s] Level 1:colcon.colcon_core.package_discovery:discover_packages(recursive) using defaults
[0.297s] Level 1:colcon.colcon_core.package_discovery:discover_packages(ignore) discover
[0.298s] Level 1:colcon.colcon_core.package_discovery:discover_packages(ignore) using defaults
[0.298s] Level 1:colcon.colcon_core.package_discovery:discover_packages(path) discover
[0.298s] Level 1:colcon.colcon_core.package_discovery:discover_packages(path) using defaults
[0.317s] Level 1:colcon.colcon_core.package_discovery:discover_packages(prefix_path) check parameters
[0.318s] Level 1:colcon.colcon_core.package_discovery:discover_packages(prefix_path) discover
[0.319s] DEBUG:colcon.colcon_installed_package_information.package_discovery:Found 3 installed packages in /home/ros2/Desktop/rosbostito/install
[0.322s] DEBUG:colcon.colcon_installed_package_information.package_discovery:Found 420 installed packages in /opt/ros/humble
[0.334s] Level 1:colcon.colcon_core.package_discovery:discover_packages(prefix_path) using defaults
[0.384s] Level 5:colcon.colcon_core.verb:set package 'moveMotor' build argument 'cmake_args' from command line to 'None'
[0.384s] Level 5:colcon.colcon_core.verb:set package 'moveMotor' build argument 'cmake_target' from command line to 'None'
[0.384s] Level 5:colcon.colcon_core.verb:set package 'moveMotor' build argument 'cmake_target_skip_unavailable' from command line to 'False'
[0.384s] Level 5:colcon.colcon_core.verb:set package 'moveMotor' build argument 'cmake_clean_cache' from command line to 'False'
[0.384s] Level 5:colcon.colcon_core.verb:set package 'moveMotor' build argument 'cmake_clean_first' from command line to 'False'
[0.384s] Level 5:colcon.colcon_core.verb:set package 'moveMotor' build argument 'cmake_force_configure' from command line to 'False'
[0.384s] Level 5:colcon.colcon_core.verb:set package 'moveMotor' build argument 'ament_cmake_args' from command line to 'None'
[0.384s] Level 5:colcon.colcon_core.verb:set package 'moveMotor' build argument 'catkin_cmake_args' from command line to 'None'
[0.384s] Level 5:colcon.colcon_core.verb:set package 'moveMotor' build argument 'catkin_skip_building_tests' from command line to 'False'
[0.384s] DEBUG:colcon.colcon_core.verb:Building package 'moveMotor' with the following arguments: {'ament_cmake_args': None, 'build_base': '/home/ros2/Desktop/rosbostito/build/moveMotor', 'catkin_cmake_args': None, 'catkin_skip_building_tests': False, 'cmake_args': None, 'cmake_clean_cache': False, 'cmake_clean_first': False, 'cmake_force_configure': False, 'cmake_target': None, 'cmake_target_skip_unavailable': False, 'install_base': '/home/ros2/Desktop/rosbostito/install/moveMotor', 'merge_install': False, 'path': '/home/ros2/Desktop/rosbostito/src/moveMotor', 'symlink_install': True, 'test_result_base': None}
[0.384s] Level 5:colcon.colcon_core.verb:set package 'navigation_tb3' build argument 'cmake_args' from command line to 'None'
[0.384s] Level 5:colcon.colcon_core.verb:set package 'navigation_tb3' build argument 'cmake_target' from command line to 'None'
[0.384s] Level 5:colcon.colcon_core.verb:set package 'navigation_tb3' build argument 'cmake_target_skip_unavailable' from command line to 'False'
[0.384s] Level 5:colcon.colcon_core.verb:set package 'navigation_tb3' build argument 'cmake_clean_cache' from command line to 'False'
[0.384s] Level 5:colcon.colcon_core.verb:set package 'navigation_tb3' build argument 'cmake_clean_first' from command line to 'False'
[0.384s] Level 5:colcon.colcon_core.verb:set package 'navigation_tb3' build argument 'cmake_force_configure' from command line to 'False'
[0.384s] Level 5:colcon.colcon_core.verb:set package 'navigation_tb3' build argument 'ament_cmake_args' from command line to 'None'
[0.385s] Level 5:colcon.colcon_core.verb:set package 'navigation_tb3' build argument 'catkin_cmake_args' from command line to 'None'
[0.385s] Level 5:colcon.colcon_core.verb:set package 'navigation_tb3' build argument 'catkin_skip_building_tests' from command line to 'False'
[0.385s] DEBUG:colcon.colcon_core.verb:Building package 'navigation_tb3' with the following arguments: {'ament_cmake_args': None, 'build_base': '/home/ros2/Desktop/rosbostito/build/navigation_tb3', 'catkin_cmake_args': None, 'catkin_skip_building_tests': False, 'cmake_args': None, 'cmake_clean_cache': False, 'cmake_clean_first': False, 'cmake_force_configure': False, 'cmake_target': None, 'cmake_target_skip_unavailable': False, 'install_base': '/home/ros2/Desktop/rosbostito/install/navigation_tb3', 'merge_install': False, 'path': '/home/ros2/Desktop/rosbostito/src/navigation_tb3', 'symlink_install': True, 'test_result_base': None}
[0.385s] Level 5:colcon.colcon_core.verb:set package 'tf_transform' build argument 'cmake_args' from command line to 'None'
[0.385s] Level 5:colcon.colcon_core.verb:set package 'tf_transform' build argument 'cmake_target' from command line to 'None'
[0.385s] Level 5:colcon.colcon_core.verb:set package 'tf_transform' build argument 'cmake_target_skip_unavailable' from command line to 'False'
[0.385s] Level 5:colcon.colcon_core.verb:set package 'tf_transform' build argument 'cmake_clean_cache' from command line to 'False'
[0.385s] Level 5:colcon.colcon_core.verb:set package 'tf_transform' build argument 'cmake_clean_first' from command line to 'False'
[0.385s] Level 5:colcon.colcon_core.verb:set package 'tf_transform' build argument 'cmake_force_configure' from command line to 'False'
[0.385s] Level 5:colcon.colcon_core.verb:set package 'tf_transform' build argument 'ament_cmake_args' from command line to 'None'
[0.385s] Level 5:colcon.colcon_core.verb:set package 'tf_transform' build argument 'catkin_cmake_args' from command line to 'None'
[0.385s] Level 5:colcon.colcon_core.verb:set package 'tf_transform' build argument 'catkin_skip_building_tests' from command line to 'False'
[0.385s] DEBUG:colcon.colcon_core.verb:Building package 'tf_transform' with the following arguments: {'ament_cmake_args': None, 'build_base': '/home/ros2/Desktop/rosbostito/build/tf_transform', 'catkin_cmake_args': None, 'catkin_skip_building_tests': False, 'cmake_args': None, 'cmake_clean_cache': False, 'cmake_clean_first': False, 'cmake_force_configure': False, 'cmake_target': None, 'cmake_target_skip_unavailable': False, 'install_base': '/home/ros2/Desktop/rosbostito/install/tf_transform', 'merge_install': False, 'path': '/home/ros2/Desktop/rosbostito/src/tf_transform', 'symlink_install': True, 'test_result_base': None}
[0.385s] INFO:colcon.colcon_core.executor:Executing jobs using 'parallel' executor
[0.386s] DEBUG:colcon.colcon_parallel_executor.executor.parallel:run_until_complete
[0.387s] INFO:colcon.colcon_ros.task.ament_python.build:Building ROS package in '/home/ros2/Desktop/rosbostito/src/moveMotor' with build type 'ament_python'
[0.387s] Level 1:colcon.colcon_core.shell:create_environment_hook('moveMotor', 'ament_prefix_path')
[0.389s] INFO:colcon.colcon_core.plugin_system:Skipping extension 'colcon_core.shell.bat': Not used on non-Windows systems
[0.389s] INFO:colcon.colcon_core.shell:Creating environment hook '/home/ros2/Desktop/rosbostito/install/moveMotor/share/moveMotor/hook/ament_prefix_path.ps1'
[0.390s] INFO:colcon.colcon_core.shell:Creating environment descriptor '/home/ros2/Desktop/rosbostito/install/moveMotor/share/moveMotor/hook/ament_prefix_path.dsv'
[0.390s] INFO:colcon.colcon_core.shell:Creating environment hook '/home/ros2/Desktop/rosbostito/install/moveMotor/share/moveMotor/hook/ament_prefix_path.sh'
[0.391s] INFO:colcon.colcon_core.shell:Skip shell extension 'powershell' for command environment: Not usable outside of PowerShell
[0.391s] DEBUG:colcon.colcon_core.shell:Skip shell extension 'dsv' for command environment
[0.395s] INFO:colcon.colcon_ros.task.ament_cmake.build:Building ROS package in '/home/ros2/Desktop/rosbostito/src/navigation_tb3' with build type 'ament_cmake'
[0.395s] INFO:colcon.colcon_cmake.task.cmake.build:Building CMake package in '/home/ros2/Desktop/rosbostito/src/navigation_tb3'
[0.395s] INFO:colcon.colcon_core.shell:Skip shell extension 'powershell' for command environment: Not usable outside of PowerShell
[0.395s] DEBUG:colcon.colcon_core.shell:Skip shell extension 'dsv' for command environment
[0.400s] INFO:colcon.colcon_ros.task.ament_python.build:Building ROS package in '/home/ros2/Desktop/rosbostito/src/tf_transform' with build type 'ament_python'
[0.400s] Level 1:colcon.colcon_core.shell:create_environment_hook('tf_transform', 'ament_prefix_path')
[0.401s] INFO:colcon.colcon_core.shell:Creating environment hook '/home/ros2/Desktop/rosbostito/install/tf_transform/share/tf_transform/hook/ament_prefix_path.ps1'
[0.402s] INFO:colcon.colcon_core.shell:Creating environment descriptor '/home/ros2/Desktop/rosbostito/install/tf_transform/share/tf_transform/hook/ament_prefix_path.dsv'
[0.402s] INFO:colcon.colcon_core.shell:Creating environment hook '/home/ros2/Desktop/rosbostito/install/tf_transform/share/tf_transform/hook/ament_prefix_path.sh'
[0.403s] INFO:colcon.colcon_core.shell:Skip shell extension 'powershell' for command environment: Not usable outside of PowerShell
[0.403s] DEBUG:colcon.colcon_core.shell:Skip shell extension 'dsv' for command environment
[0.669s] INFO:colcon.colcon_core.task.python.build:Building Python package in '/home/ros2/Desktop/rosbostito/src/moveMotor'
[0.669s] INFO:colcon.colcon_core.shell:Skip shell extension 'powershell' for command environment: Not usable outside of PowerShell
[0.669s] DEBUG:colcon.colcon_core.shell:Skip shell extension 'dsv' for command environment
[0.679s] DEBUG:colcon.colcon_core.event_handler.log_command:Invoking command in '/home/ros2/Desktop/rosbostito/build/navigation_tb3': CMAKE_PREFIX_PATH=${CMAKE_PREFIX_PATH}:/home/ros2/Desktop/rosbostito/install/tf_transform:/home/ros2/Desktop/rosbostito/install/moveMotor:/opt/ros/humble /usr/bin/cmake --build /home/ros2/Desktop/rosbostito/build/navigation_tb3 -- -j8 -l8
[0.963s] INFO:colcon.colcon_core.task.python.build:Building Python package in '/home/ros2/Desktop/rosbostito/src/tf_transform'
[0.964s] INFO:colcon.colcon_core.shell:Skip shell extension 'powershell' for command environment: Not usable outside of PowerShell
[0.964s] DEBUG:colcon.colcon_core.shell:Skip shell extension 'dsv' for command environment
[1.060s] DEBUG:colcon.colcon_core.event_handler.log_command:Invoked command in '/home/ros2/Desktop/rosbostito/build/navigation_tb3' returned '0': CMAKE_PREFIX_PATH=${CMAKE_PREFIX_PATH}:/home/ros2/Desktop/rosbostito/install/tf_transform:/home/ros2/Desktop/rosbostito/install/moveMotor:/opt/ros/humble /usr/bin/cmake --build /home/ros2/Desktop/rosbostito/build/navigation_tb3 -- -j8 -l8
[1.099s] DEBUG:colcon.colcon_core.event_handler.log_command:Invoking command in '/home/ros2/Desktop/rosbostito/build/navigation_tb3': CMAKE_PREFIX_PATH=${CMAKE_PREFIX_PATH}:/home/ros2/Desktop/rosbostito/install/tf_transform:/home/ros2/Desktop/rosbostito/install/moveMotor:/opt/ros/humble /usr/bin/cmake --install /home/ros2/Desktop/rosbostito/build/navigation_tb3
[1.179s] Level 1:colcon.colcon_core.environment:create_environment_scripts_only(navigation_tb3)
[1.179s] DEBUG:colcon.colcon_core.event_handler.log_command:Invoked command in '/home/ros2/Desktop/rosbostito/build/navigation_tb3' returned '0': CMAKE_PREFIX_PATH=${CMAKE_PREFIX_PATH}:/home/ros2/Desktop/rosbostito/install/tf_transform:/home/ros2/Desktop/rosbostito/install/moveMotor:/opt/ros/humble /usr/bin/cmake --install /home/ros2/Desktop/rosbostito/build/navigation_tb3
[1.182s] Level 1:colcon.colcon_core.environment:checking '/home/ros2/Desktop/rosbostito/install/navigation_tb3' for CMake module files
[1.182s] Level 1:colcon.colcon_core.environment:checking '/home/ros2/Desktop/rosbostito/install/navigation_tb3' for CMake config files
[1.183s] Level 1:colcon.colcon_core.shell:create_environment_hook('navigation_tb3', 'cmake_prefix_path')
[1.183s] INFO:colcon.colcon_core.shell:Creating environment hook '/home/ros2/Desktop/rosbostito/install/navigation_tb3/share/navigation_tb3/hook/cmake_prefix_path.ps1'
[1.183s] INFO:colcon.colcon_core.shell:Creating environment descriptor '/home/ros2/Desktop/rosbostito/install/navigation_tb3/share/navigation_tb3/hook/cmake_prefix_path.dsv'
[1.184s] INFO:colcon.colcon_core.shell:Creating environment hook '/home/ros2/Desktop/rosbostito/install/navigation_tb3/share/navigation_tb3/hook/cmake_prefix_path.sh'
[1.184s] Level 1:colcon.colcon_core.environment:checking '/home/ros2/Desktop/rosbostito/install/navigation_tb3/lib'
[1.185s] Level 1:colcon.colcon_core.environment:checking '/home/ros2/Desktop/rosbostito/install/navigation_tb3/bin'
[1.185s] Level 1:colcon.colcon_core.environment:checking '/home/ros2/Desktop/rosbostito/install/navigation_tb3/lib/pkgconfig/navigation_tb3.pc'
[1.185s] Level 1:colcon.colcon_core.environment:checking '/home/ros2/Desktop/rosbostito/install/navigation_tb3/lib/python3.10/site-packages'
[1.185s] Level 1:colcon.colcon_core.environment:checking '/home/ros2/Desktop/rosbostito/install/navigation_tb3/bin'
[1.185s] INFO:colcon.colcon_core.shell:Creating package script '/home/ros2/Desktop/rosbostito/install/navigation_tb3/share/navigation_tb3/package.ps1'
[1.186s] INFO:colcon.colcon_core.shell:Creating package descriptor '/home/ros2/Desktop/rosbostito/install/navigation_tb3/share/navigation_tb3/package.dsv'
[1.187s] INFO:colcon.colcon_core.shell:Creating package script '/home/ros2/Desktop/rosbostito/install/navigation_tb3/share/navigation_tb3/package.sh'
[1.188s] INFO:colcon.colcon_core.shell:Creating package script '/home/ros2/Desktop/rosbostito/install/navigation_tb3/share/navigation_tb3/package.bash'
[1.189s] INFO:colcon.colcon_core.shell:Creating package script '/home/ros2/Desktop/rosbostito/install/navigation_tb3/share/navigation_tb3/package.zsh'
[1.189s] Level 1:colcon.colcon_core.environment:create_file_with_runtime_dependencies(/home/ros2/Desktop/rosbostito/install/navigation_tb3/share/colcon-core/packages/navigation_tb3)
[1.219s] Level 1:colcon.colcon_core.environment:create_environment_scripts_only(navigation_tb3)
[1.220s] Level 1:colcon.colcon_core.environment:checking '/home/ros2/Desktop/rosbostito/install/navigation_tb3' for CMake module files
[1.220s] Level 1:colcon.colcon_core.environment:checking '/home/ros2/Desktop/rosbostito/install/navigation_tb3' for CMake config files
[1.221s] Level 1:colcon.colcon_core.shell:create_environment_hook('navigation_tb3', 'cmake_prefix_path')
[1.221s] INFO:colcon.colcon_core.shell:Creating environment hook '/home/ros2/Desktop/rosbostito/install/navigation_tb3/share/navigation_tb3/hook/cmake_prefix_path.ps1'
[1.222s] INFO:colcon.colcon_core.shell:Creating environment descriptor '/home/ros2/Desktop/rosbostito/install/navigation_tb3/share/navigation_tb3/hook/cmake_prefix_path.dsv'
[1.222s] INFO:colcon.colcon_core.shell:Creating environment hook '/home/ros2/Desktop/rosbostito/install/navigation_tb3/share/navigation_tb3/hook/cmake_prefix_path.sh'
[1.223s] Level 1:colcon.colcon_core.environment:checking '/home/ros2/Desktop/rosbostito/install/navigation_tb3/lib'
[1.223s] Level 1:colcon.colcon_core.environment:checking '/home/ros2/Desktop/rosbostito/install/navigation_tb3/bin'
[1.223s] Level 1:colcon.colcon_core.environment:checking '/home/ros2/Desktop/rosbostito/install/navigation_tb3/lib/pkgconfig/navigation_tb3.pc'
[1.223s] Level 1:colcon.colcon_core.environment:checking '/home/ros2/Desktop/rosbostito/install/navigation_tb3/lib/python3.10/site-packages'
[1.224s] Level 1:colcon.colcon_core.environment:checking '/home/ros2/Desktop/rosbostito/install/navigation_tb3/bin'
[1.224s] INFO:colcon.colcon_core.shell:Creating package script '/home/ros2/Desktop/rosbostito/install/navigation_tb3/share/navigation_tb3/package.ps1'
[1.224s] INFO:colcon.colcon_core.shell:Creating package descriptor '/home/ros2/Desktop/rosbostito/install/navigation_tb3/share/navigation_tb3/package.dsv'
[1.225s] INFO:colcon.colcon_core.shell:Creating package script '/home/ros2/Desktop/rosbostito/install/navigation_tb3/share/navigation_tb3/package.sh'
[1.225s] INFO:colcon.colcon_core.shell:Creating package script '/home/ros2/Desktop/rosbostito/install/navigation_tb3/share/navigation_tb3/package.bash'
[1.226s] INFO:colcon.colcon_core.shell:Creating package script '/home/ros2/Desktop/rosbostito/install/navigation_tb3/share/navigation_tb3/package.zsh'
[1.226s] Level 1:colcon.colcon_core.environment:create_file_with_runtime_dependencies(/home/ros2/Desktop/rosbostito/install/navigation_tb3/share/colcon-core/packages/navigation_tb3)
[1.422s] DEBUG:colcon.colcon_core.event_handler.log_command:Invoking command in '/home/ros2/Desktop/rosbostito/build/tf_transform': PYTHONPATH=/home/ros2/Desktop/rosbostito/build/tf_transform/prefix_override:/home/ros2/Desktop/rosbostito/install/tf_transform/lib/python3.10/site-packages:${PYTHONPATH} /usr/bin/python3 -W ignore:setup.py install is deprecated setup.py develop --editable --build-directory /home/ros2/Desktop/rosbostito/build/tf_transform/build --no-deps symlink_data
[1.442s] DEBUG:colcon.colcon_core.event_handler.log_command:Invoking command in '/home/ros2/Desktop/rosbostito/build/moveMotor': PYTHONPATH=/home/ros2/Desktop/rosbostito/build/moveMotor/prefix_override:/home/ros2/Desktop/rosbostito/install/moveMotor/lib/python3.10/site-packages:${PYTHONPATH} /usr/bin/python3 -W ignore:setup.py install is deprecated setup.py develop --editable --build-directory /home/ros2/Desktop/rosbostito/build/moveMotor/build --no-deps symlink_data
[1.967s] Level 1:colcon.colcon_core.shell:create_environment_hook('tf_transform', 'pythonpath_develop')
[1.967s] INFO:colcon.colcon_core.shell:Creating environment hook '/home/ros2/Desktop/rosbostito/build/tf_transform/share/tf_transform/hook/pythonpath_develop.ps1'
[1.968s] DEBUG:colcon.colcon_core.event_handler.log_command:Invoked command in '/home/ros2/Desktop/rosbostito/build/tf_transform' returned '0': PYTHONPATH=/home/ros2/Desktop/rosbostito/build/tf_transform/prefix_override:/home/ros2/Desktop/rosbostito/install/tf_transform/lib/python3.10/site-packages:${PYTHONPATH} /usr/bin/python3 -W ignore:setup.py install is deprecated setup.py develop --editable --build-directory /home/ros2/Desktop/rosbostito/build/tf_transform/build --no-deps symlink_data
[1.969s] INFO:colcon.colcon_core.shell:Creating environment descriptor '/home/ros2/Desktop/rosbostito/build/tf_transform/share/tf_transform/hook/pythonpath_develop.dsv'
[1.969s] INFO:colcon.colcon_core.shell:Creating environment hook '/home/ros2/Desktop/rosbostito/build/tf_transform/share/tf_transform/hook/pythonpath_develop.sh'
[1.970s] Level 1:colcon.colcon_core.environment:checking '/home/ros2/Desktop/rosbostito/install/tf_transform' for CMake module files
[1.971s] Level 1:colcon.colcon_core.environment:checking '/home/ros2/Desktop/rosbostito/install/tf_transform' for CMake config files
[1.972s] Level 1:colcon.colcon_core.environment:checking '/home/ros2/Desktop/rosbostito/install/tf_transform/lib'
[1.972s] Level 1:colcon.colcon_core.environment:checking '/home/ros2/Desktop/rosbostito/install/tf_transform/bin'
[1.972s] Level 1:colcon.colcon_core.environment:checking '/home/ros2/Desktop/rosbostito/install/tf_transform/lib/pkgconfig/tf_transform.pc'
[1.972s] Level 1:colcon.colcon_core.environment:checking '/home/ros2/Desktop/rosbostito/install/tf_transform/lib/python3.10/site-packages'
[1.972s] Level 1:colcon.colcon_core.shell:create_environment_hook('tf_transform', 'pythonpath')
[1.973s] INFO:colcon.colcon_core.shell:Creating environment hook '/home/ros2/Desktop/rosbostito/install/tf_transform/share/tf_transform/hook/pythonpath.ps1'
[1.974s] INFO:colcon.colcon_core.shell:Creating environment descriptor '/home/ros2/Desktop/rosbostito/install/tf_transform/share/tf_transform/hook/pythonpath.dsv'
[1.974s] INFO:colcon.colcon_core.shell:Creating environment hook '/home/ros2/Desktop/rosbostito/install/tf_transform/share/tf_transform/hook/pythonpath.sh'
[1.975s] Level 1:colcon.colcon_core.environment:checking '/home/ros2/Desktop/rosbostito/install/tf_transform/bin'
[1.975s] Level 1:colcon.colcon_core.environment:create_environment_scripts_only(tf_transform)
[1.976s] INFO:colcon.colcon_core.shell:Creating package script '/home/ros2/Desktop/rosbostito/install/tf_transform/share/tf_transform/package.ps1'
[1.976s] INFO:colcon.colcon_core.shell:Creating package descriptor '/home/ros2/Desktop/rosbostito/install/tf_transform/share/tf_transform/package.dsv'
[1.977s] INFO:colcon.colcon_core.shell:Creating package script '/home/ros2/Desktop/rosbostito/install/tf_transform/share/tf_transform/package.sh'
[1.978s] INFO:colcon.colcon_core.shell:Creating package script '/home/ros2/Desktop/rosbostito/install/tf_transform/share/tf_transform/package.bash'
[1.979s] INFO:colcon.colcon_core.shell:Creating package script '/home/ros2/Desktop/rosbostito/install/tf_transform/share/tf_transform/package.zsh'
[1.979s] Level 1:colcon.colcon_core.environment:create_file_with_runtime_dependencies(/home/ros2/Desktop/rosbostito/install/tf_transform/share/colcon-core/packages/tf_transform)
[1.993s] Level 1:colcon.colcon_core.shell:create_environment_hook('moveMotor', 'pythonpath_develop')
[1.994s] INFO:colcon.colcon_core.shell:Creating environment hook '/home/ros2/Desktop/rosbostito/build/moveMotor/share/moveMotor/hook/pythonpath_develop.ps1'
[1.994s] DEBUG:colcon.colcon_core.event_handler.log_command:Invoked command in '/home/ros2/Desktop/rosbostito/build/moveMotor' returned '0': PYTHONPATH=/home/ros2/Desktop/rosbostito/build/moveMotor/prefix_override:/home/ros2/Desktop/rosbostito/install/moveMotor/lib/python3.10/site-packages:${PYTHONPATH} /usr/bin/python3 -W ignore:setup.py install is deprecated setup.py develop --editable --build-directory /home/ros2/Desktop/rosbostito/build/moveMotor/build --no-deps symlink_data
[1.995s] INFO:colcon.colcon_core.shell:Creating environment descriptor '/home/ros2/Desktop/rosbostito/build/moveMotor/share/moveMotor/hook/pythonpath_develop.dsv'
[1.995s] INFO:colcon.colcon_core.shell:Creating environment hook '/home/ros2/Desktop/rosbostito/build/moveMotor/share/moveMotor/hook/pythonpath_develop.sh'
[1.996s] Level 1:colcon.colcon_core.environment:checking '/home/ros2/Desktop/rosbostito/install/moveMotor' for CMake module files
[1.997s] Level 1:colcon.colcon_core.environment:checking '/home/ros2/Desktop/rosbostito/install/moveMotor' for CMake config files
[1.997s] Level 1:colcon.colcon_core.environment:checking '/home/ros2/Desktop/rosbostito/install/moveMotor/lib'
[1.998s] Level 1:colcon.colcon_core.environment:checking '/home/ros2/Desktop/rosbostito/install/moveMotor/bin'
[1.998s] Level 1:colcon.colcon_core.environment:checking '/home/ros2/Desktop/rosbostito/install/moveMotor/lib/pkgconfig/moveMotor.pc'
[1.998s] Level 1:colcon.colcon_core.environment:checking '/home/ros2/Desktop/rosbostito/install/moveMotor/lib/python3.10/site-packages'
[1.998s] Level 1:colcon.colcon_core.shell:create_environment_hook('moveMotor', 'pythonpath')
[1.999s] INFO:colcon.colcon_core.shell:Creating environment hook '/home/ros2/Desktop/rosbostito/install/moveMotor/share/moveMotor/hook/pythonpath.ps1'
[1.999s] INFO:colcon.colcon_core.shell:Creating environment descriptor '/home/ros2/Desktop/rosbostito/install/moveMotor/share/moveMotor/hook/pythonpath.dsv'
[2.000s] INFO:colcon.colcon_core.shell:Creating environment hook '/home/ros2/Desktop/rosbostito/install/moveMotor/share/moveMotor/hook/pythonpath.sh'
[2.000s] Level 1:colcon.colcon_core.environment:checking '/home/ros2/Desktop/rosbostito/install/moveMotor/bin'
[2.001s] Level 1:colcon.colcon_core.environment:create_environment_scripts_only(moveMotor)
[2.001s] INFO:colcon.colcon_core.shell:Creating package script '/home/ros2/Desktop/rosbostito/install/moveMotor/share/moveMotor/package.ps1'
[2.002s] INFO:colcon.colcon_core.shell:Creating package descriptor '/home/ros2/Desktop/rosbostito/install/moveMotor/share/moveMotor/package.dsv'
[2.003s] INFO:colcon.colcon_core.shell:Creating package script '/home/ros2/Desktop/rosbostito/install/moveMotor/share/moveMotor/package.sh'
[2.004s] INFO:colcon.colcon_core.shell:Creating package script '/home/ros2/Desktop/rosbostito/install/moveMotor/share/moveMotor/package.bash'
[2.004s] INFO:colcon.colcon_core.shell:Creating package script '/home/ros2/Desktop/rosbostito/install/moveMotor/share/moveMotor/package.zsh'
[2.005s] Level 1:colcon.colcon_core.environment:create_file_with_runtime_dependencies(/home/ros2/Desktop/rosbostito/install/moveMotor/share/colcon-core/packages/moveMotor)
[2.006s] DEBUG:colcon.colcon_parallel_executor.executor.parallel:closing loop
[2.006s] DEBUG:colcon.colcon_parallel_executor.executor.parallel:loop closed
[2.006s] DEBUG:colcon.colcon_parallel_executor.executor.parallel:run_until_complete finished with '0'
[2.006s] DEBUG:colcon.colcon_core.event_reactor:joining thread
[2.015s] INFO:colcon.colcon_core.plugin_system:Skipping extension 'colcon_notification.desktop_notification.terminal_notifier': Not used on non-Darwin systems
[2.015s] INFO:colcon.colcon_core.plugin_system:Skipping extension 'colcon_notification.desktop_notification.win32': Not used on non-Windows systems
[2.015s] INFO:colcon.colcon_notification.desktop_notification:Sending desktop notification using 'notify2'
[2.032s] DEBUG:colcon.colcon_core.event_reactor:joined thread
[2.032s] INFO:colcon.colcon_core.shell:Creating prefix script '/home/ros2/Desktop/rosbostito/install/local_setup.ps1'
[2.034s] INFO:colcon.colcon_core.shell:Creating prefix util module '/home/ros2/Desktop/rosbostito/install/_local_setup_util_ps1.py'
[2.035s] INFO:colcon.colcon_core.shell:Creating prefix chain script '/home/ros2/Desktop/rosbostito/install/setup.ps1'
[2.037s] INFO:colcon.colcon_core.shell:Creating prefix script '/home/ros2/Desktop/rosbostito/install/local_setup.sh'
[2.038s] INFO:colcon.colcon_core.shell:Creating prefix util module '/home/ros2/Desktop/rosbostito/install/_local_setup_util_sh.py'
[2.039s] INFO:colcon.colcon_core.shell:Creating prefix chain script '/home/ros2/Desktop/rosbostito/install/setup.sh'
[2.041s] INFO:colcon.colcon_core.shell:Creating prefix script '/home/ros2/Desktop/rosbostito/install/local_setup.bash'
[2.042s] INFO:colcon.colcon_core.shell:Creating prefix chain script '/home/ros2/Desktop/rosbostito/install/setup.bash'
[2.044s] INFO:colcon.colcon_core.shell:Creating prefix script '/home/ros2/Desktop/rosbostito/install/local_setup.zsh'
[2.045s] INFO:colcon.colcon_core.shell:Creating prefix chain script '/home/ros2/Desktop/rosbostito/install/setup.zsh'
