running develop
/usr/lib/python3/dist-packages/setuptools/command/easy_install.py:158: EasyInstallDeprecationWarning: easy_install command is deprecated. Use build and pip and other standards-based tools.
  warnings.warn(
running egg_info
creating moveMotor.egg-info
writing moveMotor.egg-info/PKG-INFO
writing dependency_links to moveMotor.egg-info/dependency_links.txt
writing entry points to moveMotor.egg-info/entry_points.txt
writing requirements to moveMotor.egg-info/requires.txt
writing top-level names to moveMotor.egg-info/top_level.txt
writing manifest file 'moveMotor.egg-info/SOURCES.txt'
reading manifest file 'moveMotor.egg-info/SOURCES.txt'
writing manifest file 'moveMotor.egg-info/SOURCES.txt'
running build_ext
Creating /home/ros2/Desktop/rosbostito/install/moveMotor/lib/python3.10/site-packages/moveMotor.egg-link (link to .)
Installing Teleop script to /home/ros2/Desktop/rosbostito/install/moveMotor/lib/moveMotor

Installed /home/ros2/Desktop/rosbostito/build/moveMotor
running symlink_data
creating /home/ros2/Desktop/rosbostito/install/moveMotor/share/ament_index
creating /home/ros2/Desktop/rosbostito/install/moveMotor/share/ament_index/resource_index
creating /home/ros2/Desktop/rosbostito/install/moveMotor/share/ament_index/resource_index/packages
symbolically linking /home/ros2/Desktop/rosbostito/build/moveMotor/resource/moveMotor -> /home/ros2/Desktop/rosbostito/install/moveMotor/share/ament_index/resource_index/packages
symbolically linking /home/ros2/Desktop/rosbostito/build/moveMotor/package.xml -> /home/ros2/Desktop/rosbostito/install/moveMotor/share/moveMotor
