[0.527s] Invoking command in '/home/ros2/Desktop/rosbostito/build/tf_transform': PYTHONPATH=/home/ros2/Desktop/rosbostito/build/tf_transform/prefix_override:/home/ros2/Desktop/rosbostito/install/tf_transform/lib/python3.10/site-packages:${PYTHONPATH} /usr/bin/python3 -W ignore:setup.py install is deprecated setup.py develop --editable --build-directory /home/ros2/Desktop/rosbostito/build/tf_transform/build --no-deps symlink_data
[0.767s] running develop
[0.768s] /usr/lib/python3/dist-packages/setuptools/command/easy_install.py:158: EasyInstallDeprecationWarning: easy_install command is deprecated. Use build and pip and other standards-based tools.
[0.768s]   warnings.warn(
[0.908s] running egg_info
[0.908s] creating tf_transform.egg-info
[0.908s] writing tf_transform.egg-info/PKG-INFO
[0.909s] writing dependency_links to tf_transform.egg-info/dependency_links.txt
[0.909s] writing entry points to tf_transform.egg-info/entry_points.txt
[0.909s] writing requirements to tf_transform.egg-info/requires.txt
[0.909s] writing top-level names to tf_transform.egg-info/top_level.txt
[0.910s] writing manifest file 'tf_transform.egg-info/SOURCES.txt'
[0.911s] reading manifest file 'tf_transform.egg-info/SOURCES.txt'
[0.912s] writing manifest file 'tf_transform.egg-info/SOURCES.txt'
[0.913s] running build_ext
[0.914s] Creating /home/ros2/Desktop/rosbostito/install/tf_transform/lib/python3.10/site-packages/tf-transform.egg-link (link to .)
[0.914s] Installing TF2Read script to /home/ros2/Desktop/rosbostito/install/tf_transform/lib/tf_transform
[0.915s] Installing testTransform script to /home/ros2/Desktop/rosbostito/install/tf_transform/lib/tf_transform
[0.915s] 
[0.915s] Installed /home/ros2/Desktop/rosbostito/build/tf_transform
[0.916s] running symlink_data
[0.916s] creating /home/ros2/Desktop/rosbostito/install/tf_transform/share/ament_index
[0.916s] creating /home/ros2/Desktop/rosbostito/install/tf_transform/share/ament_index/resource_index
[0.916s] creating /home/ros2/Desktop/rosbostito/install/tf_transform/share/ament_index/resource_index/packages
[0.916s] symbolically linking /home/ros2/Desktop/rosbostito/build/tf_transform/resource/tf_transform -> /home/ros2/Desktop/rosbostito/install/tf_transform/share/ament_index/resource_index/packages
[0.916s] symbolically linking /home/ros2/Desktop/rosbostito/build/tf_transform/package.xml -> /home/ros2/Desktop/rosbostito/install/tf_transform/share/tf_transform
[0.941s] Invoked command in '/home/ros2/Desktop/rosbostito/build/tf_transform' returned '0': PYTHONPATH=/home/ros2/Desktop/rosbostito/build/tf_transform/prefix_override:/home/ros2/Desktop/rosbostito/install/tf_transform/lib/python3.10/site-packages:${PYTHONPATH} /usr/bin/python3 -W ignore:setup.py install is deprecated setup.py develop --editable --build-directory /home/ros2/Desktop/rosbostito/build/tf_transform/build --no-deps symlink_data
