[0.137s] DEBUG:colcon:Command line arguments: ['/usr/bin/colcon', 'build', '--symlink-install']
[0.138s] DEBUG:colcon:Parsed command line arguments: Namespace(log_base=None, log_level=None, verb_name='build', build_base='build', install_base='install', merge_install=False, symlink_install=True, test_result_base=None, continue_on_error=False, executor='parallel', parallel_workers=8, event_handlers=None, ignore_user_meta=False, metas=['./colcon.meta'], base_paths=['.'], packages_ignore=None, packages_ignore_regex=None, paths=None, packages_up_to=None, packages_up_to_regex=None, packages_above=None, packages_above_and_dependencies=None, packages_above_depth=None, packages_select_by_dep=None, packages_skip_by_dep=None, packages_skip_up_to=None, packages_select_build_failed=False, packages_skip_build_finished=False, packages_select_test_failures=False, packages_skip_test_passed=False, packages_select=None, packages_skip=None, packages_select_regex=None, packages_skip_regex=None, packages_start=None, packages_end=None, allow_overriding=[], cmake_args=None, cmake_target=None, cmake_target_skip_unavailable=False, cmake_clean_cache=False, cmake_clean_first=False, cmake_force_configure=False, ament_cmake_args=None, catkin_cmake_args=None, catkin_skip_building_tests=False, verb_parser=<colcon_defaults.argument_parser.defaults.DefaultArgumentsDecorator object at 0x7863307f0040>, verb_extension=<colcon_core.verb.build.BuildVerb object at 0x786330948bb0>, main=<bound method BuildVerb.main of <colcon_core.verb.build.BuildVerb object at 0x786330948bb0>>)
[0.374s] Level 1:colcon.colcon_core.package_discovery:discover_packages(colcon_meta) check parameters
[0.374s] Level 1:colcon.colcon_core.package_discovery:discover_packages(recursive) check parameters
[0.375s] Level 1:colcon.colcon_core.package_discovery:discover_packages(ignore) check parameters
[0.375s] Level 1:colcon.colcon_core.package_discovery:discover_packages(path) check parameters
[0.375s] Level 1:colcon.colcon_core.package_discovery:discover_packages(colcon_meta) discover
[0.375s] Level 1:colcon.colcon_core.package_discovery:discover_packages(recursive) discover
[0.375s] INFO:colcon.colcon_core.package_discovery:Crawling recursively for packages in '/home/ros2/Desktop/rosbostito'
[0.375s] Level 1:colcon.colcon_core.package_identification:_identify(.) by extensions ['ignore', 'ignore_ament_install']
[0.375s] Level 1:colcon.colcon_core.package_identification:_identify(.) by extension 'ignore'
[0.375s] Level 1:colcon.colcon_core.package_identification:_identify(.) by extension 'ignore_ament_install'
[0.375s] Level 1:colcon.colcon_core.package_identification:_identify(.) by extensions ['colcon_pkg']
[0.375s] Level 1:colcon.colcon_core.package_identification:_identify(.) by extension 'colcon_pkg'
[0.375s] Level 1:colcon.colcon_core.package_identification:_identify(.) by extensions ['colcon_meta']
[0.375s] Level 1:colcon.colcon_core.package_identification:_identify(.) by extension 'colcon_meta'
[0.375s] Level 1:colcon.colcon_core.package_identification:_identify(.) by extensions ['ros']
[0.375s] Level 1:colcon.colcon_core.package_identification:_identify(.) by extension 'ros'
[0.387s] Level 1:colcon.colcon_core.package_identification:_identify(.) by extensions ['cmake', 'python']
[0.387s] Level 1:colcon.colcon_core.package_identification:_identify(.) by extension 'cmake'
[0.387s] Level 1:colcon.colcon_core.package_identification:_identify(.) by extension 'python'
[0.387s] Level 1:colcon.colcon_core.package_identification:_identify(.) by extensions ['python_setup_py']
[0.387s] Level 1:colcon.colcon_core.package_identification:_identify(.) by extension 'python_setup_py'
[0.388s] Level 1:colcon.colcon_core.package_identification:_identify(build) by extensions ['ignore', 'ignore_ament_install']
[0.388s] Level 1:colcon.colcon_core.package_identification:_identify(build) by extension 'ignore'
[0.388s] Level 1:colcon.colcon_core.package_identification:_identify(build) ignored
[0.388s] Level 1:colcon.colcon_core.package_identification:_identify(install) by extensions ['ignore', 'ignore_ament_install']
[0.388s] Level 1:colcon.colcon_core.package_identification:_identify(install) by extension 'ignore'
[0.388s] Level 1:colcon.colcon_core.package_identification:_identify(install) ignored
[0.388s] Level 1:colcon.colcon_core.package_identification:_identify(log) by extensions ['ignore', 'ignore_ament_install']
[0.388s] Level 1:colcon.colcon_core.package_identification:_identify(log) by extension 'ignore'
[0.388s] Level 1:colcon.colcon_core.package_identification:_identify(log) ignored
[0.388s] Level 1:colcon.colcon_core.package_identification:_identify(src) by extensions ['ignore', 'ignore_ament_install']
[0.389s] Level 1:colcon.colcon_core.package_identification:_identify(src) by extension 'ignore'
[0.389s] Level 1:colcon.colcon_core.package_identification:_identify(src) by extension 'ignore_ament_install'
[0.389s] Level 1:colcon.colcon_core.package_identification:_identify(src) by extensions ['colcon_pkg']
[0.389s] Level 1:colcon.colcon_core.package_identification:_identify(src) by extension 'colcon_pkg'
[0.389s] Level 1:colcon.colcon_core.package_identification:_identify(src) by extensions ['colcon_meta']
[0.389s] Level 1:colcon.colcon_core.package_identification:_identify(src) by extension 'colcon_meta'
[0.389s] Level 1:colcon.colcon_core.package_identification:_identify(src) by extensions ['ros']
[0.389s] Level 1:colcon.colcon_core.package_identification:_identify(src) by extension 'ros'
[0.389s] Level 1:colcon.colcon_core.package_identification:_identify(src) by extensions ['cmake', 'python']
[0.389s] Level 1:colcon.colcon_core.package_identification:_identify(src) by extension 'cmake'
[0.389s] Level 1:colcon.colcon_core.package_identification:_identify(src) by extension 'python'
[0.389s] Level 1:colcon.colcon_core.package_identification:_identify(src) by extensions ['python_setup_py']
[0.389s] Level 1:colcon.colcon_core.package_identification:_identify(src) by extension 'python_setup_py'
[0.389s] Level 1:colcon.colcon_core.package_identification:_identify(src/moveMotor) by extensions ['ignore', 'ignore_ament_install']
[0.390s] Level 1:colcon.colcon_core.package_identification:_identify(src/moveMotor) by extension 'ignore'
[0.390s] Level 1:colcon.colcon_core.package_identification:_identify(src/moveMotor) by extension 'ignore_ament_install'
[0.390s] Level 1:colcon.colcon_core.package_identification:_identify(src/moveMotor) by extensions ['colcon_pkg']
[0.390s] Level 1:colcon.colcon_core.package_identification:_identify(src/moveMotor) by extension 'colcon_pkg'
[0.390s] Level 1:colcon.colcon_core.package_identification:_identify(src/moveMotor) by extensions ['colcon_meta']
[0.390s] Level 1:colcon.colcon_core.package_identification:_identify(src/moveMotor) by extension 'colcon_meta'
[0.390s] Level 1:colcon.colcon_core.package_identification:_identify(src/moveMotor) by extensions ['ros']
[0.390s] Level 1:colcon.colcon_core.package_identification:_identify(src/moveMotor) by extension 'ros'
[0.393s] DEBUG:colcon.colcon_core.package_identification:Package 'src/moveMotor' with type 'ros.ament_python' and name 'moveMotor'
[0.393s] Level 1:colcon.colcon_core.package_identification:_identify(src/navigation_tb3) by extensions ['ignore', 'ignore_ament_install']
[0.393s] Level 1:colcon.colcon_core.package_identification:_identify(src/navigation_tb3) by extension 'ignore'
[0.394s] Level 1:colcon.colcon_core.package_identification:_identify(src/navigation_tb3) by extension 'ignore_ament_install'
[0.394s] Level 1:colcon.colcon_core.package_identification:_identify(src/navigation_tb3) by extensions ['colcon_pkg']
[0.394s] Level 1:colcon.colcon_core.package_identification:_identify(src/navigation_tb3) by extension 'colcon_pkg'
[0.394s] Level 1:colcon.colcon_core.package_identification:_identify(src/navigation_tb3) by extensions ['colcon_meta']
[0.394s] Level 1:colcon.colcon_core.package_identification:_identify(src/navigation_tb3) by extension 'colcon_meta'
[0.394s] Level 1:colcon.colcon_core.package_identification:_identify(src/navigation_tb3) by extensions ['ros']
[0.394s] Level 1:colcon.colcon_core.package_identification:_identify(src/navigation_tb3) by extension 'ros'
[0.395s] DEBUG:colcon.colcon_core.package_identification:Package 'src/navigation_tb3' with type 'ros.ament_cmake' and name 'navigation_tb3'
[0.395s] Level 1:colcon.colcon_core.package_identification:_identify(src/tf_transform) by extensions ['ignore', 'ignore_ament_install']
[0.395s] Level 1:colcon.colcon_core.package_identification:_identify(src/tf_transform) by extension 'ignore'
[0.395s] Level 1:colcon.colcon_core.package_identification:_identify(src/tf_transform) by extension 'ignore_ament_install'
[0.395s] Level 1:colcon.colcon_core.package_identification:_identify(src/tf_transform) by extensions ['colcon_pkg']
[0.395s] Level 1:colcon.colcon_core.package_identification:_identify(src/tf_transform) by extension 'colcon_pkg'
[0.395s] Level 1:colcon.colcon_core.package_identification:_identify(src/tf_transform) by extensions ['colcon_meta']
[0.395s] Level 1:colcon.colcon_core.package_identification:_identify(src/tf_transform) by extension 'colcon_meta'
[0.395s] Level 1:colcon.colcon_core.package_identification:_identify(src/tf_transform) by extensions ['ros']
[0.395s] Level 1:colcon.colcon_core.package_identification:_identify(src/tf_transform) by extension 'ros'
[0.396s] DEBUG:colcon.colcon_core.package_identification:Package 'src/tf_transform' with type 'ros.ament_python' and name 'tf_transform'
[0.396s] Level 1:colcon.colcon_core.package_discovery:discover_packages(recursive) using defaults
[0.396s] Level 1:colcon.colcon_core.package_discovery:discover_packages(ignore) discover
[0.396s] Level 1:colcon.colcon_core.package_discovery:discover_packages(ignore) using defaults
[0.396s] Level 1:colcon.colcon_core.package_discovery:discover_packages(path) discover
[0.396s] Level 1:colcon.colcon_core.package_discovery:discover_packages(path) using defaults
[0.422s] Level 1:colcon.colcon_core.package_discovery:discover_packages(prefix_path) check parameters
[0.422s] Level 1:colcon.colcon_core.package_discovery:discover_packages(prefix_path) discover
[0.426s] DEBUG:colcon.colcon_installed_package_information.package_discovery:Found 2 installed packages in /home/ros2/Desktop/rosbostito/install
[0.427s] DEBUG:colcon.colcon_installed_package_information.package_discovery:Found 420 installed packages in /opt/ros/humble
[0.439s] Level 1:colcon.colcon_core.package_discovery:discover_packages(prefix_path) using defaults
[0.494s] Level 5:colcon.colcon_core.verb:set package 'moveMotor' build argument 'cmake_args' from command line to 'None'
[0.494s] Level 5:colcon.colcon_core.verb:set package 'moveMotor' build argument 'cmake_target' from command line to 'None'
[0.494s] Level 5:colcon.colcon_core.verb:set package 'moveMotor' build argument 'cmake_target_skip_unavailable' from command line to 'False'
[0.494s] Level 5:colcon.colcon_core.verb:set package 'moveMotor' build argument 'cmake_clean_cache' from command line to 'False'
[0.494s] Level 5:colcon.colcon_core.verb:set package 'moveMotor' build argument 'cmake_clean_first' from command line to 'False'
[0.494s] Level 5:colcon.colcon_core.verb:set package 'moveMotor' build argument 'cmake_force_configure' from command line to 'False'
[0.494s] Level 5:colcon.colcon_core.verb:set package 'moveMotor' build argument 'ament_cmake_args' from command line to 'None'
[0.494s] Level 5:colcon.colcon_core.verb:set package 'moveMotor' build argument 'catkin_cmake_args' from command line to 'None'
[0.494s] Level 5:colcon.colcon_core.verb:set package 'moveMotor' build argument 'catkin_skip_building_tests' from command line to 'False'
[0.494s] DEBUG:colcon.colcon_core.verb:Building package 'moveMotor' with the following arguments: {'ament_cmake_args': None, 'build_base': '/home/ros2/Desktop/rosbostito/build/moveMotor', 'catkin_cmake_args': None, 'catkin_skip_building_tests': False, 'cmake_args': None, 'cmake_clean_cache': False, 'cmake_clean_first': False, 'cmake_force_configure': False, 'cmake_target': None, 'cmake_target_skip_unavailable': False, 'install_base': '/home/ros2/Desktop/rosbostito/install/moveMotor', 'merge_install': False, 'path': '/home/ros2/Desktop/rosbostito/src/moveMotor', 'symlink_install': True, 'test_result_base': None}
[0.494s] Level 5:colcon.colcon_core.verb:set package 'navigation_tb3' build argument 'cmake_args' from command line to 'None'
[0.494s] Level 5:colcon.colcon_core.verb:set package 'navigation_tb3' build argument 'cmake_target' from command line to 'None'
[0.495s] Level 5:colcon.colcon_core.verb:set package 'navigation_tb3' build argument 'cmake_target_skip_unavailable' from command line to 'False'
[0.495s] Level 5:colcon.colcon_core.verb:set package 'navigation_tb3' build argument 'cmake_clean_cache' from command line to 'False'
[0.495s] Level 5:colcon.colcon_core.verb:set package 'navigation_tb3' build argument 'cmake_clean_first' from command line to 'False'
[0.495s] Level 5:colcon.colcon_core.verb:set package 'navigation_tb3' build argument 'cmake_force_configure' from command line to 'False'
[0.495s] Level 5:colcon.colcon_core.verb:set package 'navigation_tb3' build argument 'ament_cmake_args' from command line to 'None'
[0.495s] Level 5:colcon.colcon_core.verb:set package 'navigation_tb3' build argument 'catkin_cmake_args' from command line to 'None'
[0.495s] Level 5:colcon.colcon_core.verb:set package 'navigation_tb3' build argument 'catkin_skip_building_tests' from command line to 'False'
[0.495s] DEBUG:colcon.colcon_core.verb:Building package 'navigation_tb3' with the following arguments: {'ament_cmake_args': None, 'build_base': '/home/ros2/Desktop/rosbostito/build/navigation_tb3', 'catkin_cmake_args': None, 'catkin_skip_building_tests': False, 'cmake_args': None, 'cmake_clean_cache': False, 'cmake_clean_first': False, 'cmake_force_configure': False, 'cmake_target': None, 'cmake_target_skip_unavailable': False, 'install_base': '/home/ros2/Desktop/rosbostito/install/navigation_tb3', 'merge_install': False, 'path': '/home/ros2/Desktop/rosbostito/src/navigation_tb3', 'symlink_install': True, 'test_result_base': None}
[0.495s] Level 5:colcon.colcon_core.verb:set package 'tf_transform' build argument 'cmake_args' from command line to 'None'
[0.495s] Level 5:colcon.colcon_core.verb:set package 'tf_transform' build argument 'cmake_target' from command line to 'None'
[0.495s] Level 5:colcon.colcon_core.verb:set package 'tf_transform' build argument 'cmake_target_skip_unavailable' from command line to 'False'
[0.495s] Level 5:colcon.colcon_core.verb:set package 'tf_transform' build argument 'cmake_clean_cache' from command line to 'False'
[0.495s] Level 5:colcon.colcon_core.verb:set package 'tf_transform' build argument 'cmake_clean_first' from command line to 'False'
[0.495s] Level 5:colcon.colcon_core.verb:set package 'tf_transform' build argument 'cmake_force_configure' from command line to 'False'
[0.495s] Level 5:colcon.colcon_core.verb:set package 'tf_transform' build argument 'ament_cmake_args' from command line to 'None'
[0.495s] Level 5:colcon.colcon_core.verb:set package 'tf_transform' build argument 'catkin_cmake_args' from command line to 'None'
[0.495s] Level 5:colcon.colcon_core.verb:set package 'tf_transform' build argument 'catkin_skip_building_tests' from command line to 'False'
[0.495s] DEBUG:colcon.colcon_core.verb:Building package 'tf_transform' with the following arguments: {'ament_cmake_args': None, 'build_base': '/home/ros2/Desktop/rosbostito/build/tf_transform', 'catkin_cmake_args': None, 'catkin_skip_building_tests': False, 'cmake_args': None, 'cmake_clean_cache': False, 'cmake_clean_first': False, 'cmake_force_configure': False, 'cmake_target': None, 'cmake_target_skip_unavailable': False, 'install_base': '/home/ros2/Desktop/rosbostito/install/tf_transform', 'merge_install': False, 'path': '/home/ros2/Desktop/rosbostito/src/tf_transform', 'symlink_install': True, 'test_result_base': None}
[0.496s] INFO:colcon.colcon_core.executor:Executing jobs using 'parallel' executor
[0.497s] DEBUG:colcon.colcon_parallel_executor.executor.parallel:run_until_complete
[0.497s] INFO:colcon.colcon_ros.task.ament_python.build:Building ROS package in '/home/ros2/Desktop/rosbostito/src/moveMotor' with build type 'ament_python'
[0.497s] Level 1:colcon.colcon_core.shell:create_environment_hook('moveMotor', 'ament_prefix_path')
[0.501s] INFO:colcon.colcon_core.plugin_system:Skipping extension 'colcon_core.shell.bat': Not used on non-Windows systems
[0.502s] INFO:colcon.colcon_core.shell:Creating environment hook '/home/ros2/Desktop/rosbostito/install/moveMotor/share/moveMotor/hook/ament_prefix_path.ps1'
[0.503s] INFO:colcon.colcon_core.shell:Creating environment descriptor '/home/ros2/Desktop/rosbostito/install/moveMotor/share/moveMotor/hook/ament_prefix_path.dsv'
[0.503s] INFO:colcon.colcon_core.shell:Creating environment hook '/home/ros2/Desktop/rosbostito/install/moveMotor/share/moveMotor/hook/ament_prefix_path.sh'
[0.504s] INFO:colcon.colcon_core.shell:Skip shell extension 'powershell' for command environment: Not usable outside of PowerShell
[0.504s] DEBUG:colcon.colcon_core.shell:Skip shell extension 'dsv' for command environment
[0.509s] INFO:colcon.colcon_ros.task.ament_cmake.build:Building ROS package in '/home/ros2/Desktop/rosbostito/src/navigation_tb3' with build type 'ament_cmake'
[0.509s] INFO:colcon.colcon_cmake.task.cmake.build:Building CMake package in '/home/ros2/Desktop/rosbostito/src/navigation_tb3'
[0.509s] INFO:colcon.colcon_core.shell:Skip shell extension 'powershell' for command environment: Not usable outside of PowerShell
[0.510s] DEBUG:colcon.colcon_core.shell:Skip shell extension 'dsv' for command environment
[0.514s] INFO:colcon.colcon_ros.task.ament_python.build:Building ROS package in '/home/ros2/Desktop/rosbostito/src/tf_transform' with build type 'ament_python'
[0.515s] Level 1:colcon.colcon_core.shell:create_environment_hook('tf_transform', 'ament_prefix_path')
[0.515s] INFO:colcon.colcon_core.shell:Creating environment hook '/home/ros2/Desktop/rosbostito/install/tf_transform/share/tf_transform/hook/ament_prefix_path.ps1'
[0.516s] INFO:colcon.colcon_core.shell:Creating environment descriptor '/home/ros2/Desktop/rosbostito/install/tf_transform/share/tf_transform/hook/ament_prefix_path.dsv'
[0.516s] INFO:colcon.colcon_core.shell:Creating environment hook '/home/ros2/Desktop/rosbostito/install/tf_transform/share/tf_transform/hook/ament_prefix_path.sh'
[0.517s] INFO:colcon.colcon_core.shell:Skip shell extension 'powershell' for command environment: Not usable outside of PowerShell
[0.517s] DEBUG:colcon.colcon_core.shell:Skip shell extension 'dsv' for command environment
[0.790s] INFO:colcon.colcon_core.task.python.build:Building Python package in '/home/ros2/Desktop/rosbostito/src/moveMotor'
[0.791s] INFO:colcon.colcon_core.shell:Skip shell extension 'powershell' for command environment: Not usable outside of PowerShell
[0.791s] DEBUG:colcon.colcon_core.shell:Skip shell extension 'dsv' for command environment
[0.799s] DEBUG:colcon.colcon_core.event_handler.log_command:Invoking command in '/home/ros2/Desktop/rosbostito/build/navigation_tb3': CMAKE_PREFIX_PATH=${CMAKE_PREFIX_PATH}:/home/ros2/Desktop/rosbostito/install/tf_transform:/opt/ros/humble /usr/bin/cmake --build /home/ros2/Desktop/rosbostito/build/navigation_tb3 -- -j8 -l8
[1.092s] INFO:colcon.colcon_core.task.python.build:Building Python package in '/home/ros2/Desktop/rosbostito/src/tf_transform'
[1.093s] INFO:colcon.colcon_core.shell:Skip shell extension 'powershell' for command environment: Not usable outside of PowerShell
[1.093s] DEBUG:colcon.colcon_core.shell:Skip shell extension 'dsv' for command environment
[1.271s] DEBUG:colcon.colcon_core.event_handler.log_command:Invoked command in '/home/ros2/Desktop/rosbostito/build/navigation_tb3' returned '0': CMAKE_PREFIX_PATH=${CMAKE_PREFIX_PATH}:/home/ros2/Desktop/rosbostito/install/tf_transform:/opt/ros/humble /usr/bin/cmake --build /home/ros2/Desktop/rosbostito/build/navigation_tb3 -- -j8 -l8
[1.313s] DEBUG:colcon.colcon_core.event_handler.log_command:Invoking command in '/home/ros2/Desktop/rosbostito/build/navigation_tb3': CMAKE_PREFIX_PATH=${CMAKE_PREFIX_PATH}:/home/ros2/Desktop/rosbostito/install/tf_transform:/opt/ros/humble /usr/bin/cmake --install /home/ros2/Desktop/rosbostito/build/navigation_tb3
[1.445s] Level 1:colcon.colcon_core.environment:create_environment_scripts_only(navigation_tb3)
[1.446s] DEBUG:colcon.colcon_core.event_handler.log_command:Invoked command in '/home/ros2/Desktop/rosbostito/build/navigation_tb3' returned '0': CMAKE_PREFIX_PATH=${CMAKE_PREFIX_PATH}:/home/ros2/Desktop/rosbostito/install/tf_transform:/opt/ros/humble /usr/bin/cmake --install /home/ros2/Desktop/rosbostito/build/navigation_tb3
[1.455s] Level 1:colcon.colcon_core.environment:checking '/home/ros2/Desktop/rosbostito/install/navigation_tb3' for CMake module files
[1.456s] Level 1:colcon.colcon_core.environment:checking '/home/ros2/Desktop/rosbostito/install/navigation_tb3' for CMake config files
[1.456s] Level 1:colcon.colcon_core.shell:create_environment_hook('navigation_tb3', 'cmake_prefix_path')
[1.457s] INFO:colcon.colcon_core.shell:Creating environment hook '/home/ros2/Desktop/rosbostito/install/navigation_tb3/share/navigation_tb3/hook/cmake_prefix_path.ps1'
[1.457s] INFO:colcon.colcon_core.shell:Creating environment descriptor '/home/ros2/Desktop/rosbostito/install/navigation_tb3/share/navigation_tb3/hook/cmake_prefix_path.dsv'
[1.458s] INFO:colcon.colcon_core.shell:Creating environment hook '/home/ros2/Desktop/rosbostito/install/navigation_tb3/share/navigation_tb3/hook/cmake_prefix_path.sh'
[1.459s] Level 1:colcon.colcon_core.environment:checking '/home/ros2/Desktop/rosbostito/install/navigation_tb3/lib'
[1.459s] Level 1:colcon.colcon_core.environment:checking '/home/ros2/Desktop/rosbostito/install/navigation_tb3/bin'
[1.459s] Level 1:colcon.colcon_core.environment:checking '/home/ros2/Desktop/rosbostito/install/navigation_tb3/lib/pkgconfig/navigation_tb3.pc'
[1.459s] Level 1:colcon.colcon_core.environment:checking '/home/ros2/Desktop/rosbostito/install/navigation_tb3/lib/python3.10/site-packages'
[1.460s] Level 1:colcon.colcon_core.environment:checking '/home/ros2/Desktop/rosbostito/install/navigation_tb3/bin'
[1.460s] INFO:colcon.colcon_core.shell:Creating package script '/home/ros2/Desktop/rosbostito/install/navigation_tb3/share/navigation_tb3/package.ps1'
[1.461s] INFO:colcon.colcon_core.shell:Creating package descriptor '/home/ros2/Desktop/rosbostito/install/navigation_tb3/share/navigation_tb3/package.dsv'
[1.463s] INFO:colcon.colcon_core.shell:Creating package script '/home/ros2/Desktop/rosbostito/install/navigation_tb3/share/navigation_tb3/package.sh'
[1.464s] INFO:colcon.colcon_core.shell:Creating package script '/home/ros2/Desktop/rosbostito/install/navigation_tb3/share/navigation_tb3/package.bash'
[1.465s] INFO:colcon.colcon_core.shell:Creating package script '/home/ros2/Desktop/rosbostito/install/navigation_tb3/share/navigation_tb3/package.zsh'
[1.466s] Level 1:colcon.colcon_core.environment:create_file_with_runtime_dependencies(/home/ros2/Desktop/rosbostito/install/navigation_tb3/share/colcon-core/packages/navigation_tb3)
[1.495s] Level 1:colcon.colcon_core.environment:create_environment_scripts_only(navigation_tb3)
[1.495s] Level 1:colcon.colcon_core.environment:checking '/home/ros2/Desktop/rosbostito/install/navigation_tb3' for CMake module files
[1.495s] Level 1:colcon.colcon_core.environment:checking '/home/ros2/Desktop/rosbostito/install/navigation_tb3' for CMake config files
[1.496s] Level 1:colcon.colcon_core.shell:create_environment_hook('navigation_tb3', 'cmake_prefix_path')
[1.496s] INFO:colcon.colcon_core.shell:Creating environment hook '/home/ros2/Desktop/rosbostito/install/navigation_tb3/share/navigation_tb3/hook/cmake_prefix_path.ps1'
[1.497s] INFO:colcon.colcon_core.shell:Creating environment descriptor '/home/ros2/Desktop/rosbostito/install/navigation_tb3/share/navigation_tb3/hook/cmake_prefix_path.dsv'
[1.497s] INFO:colcon.colcon_core.shell:Creating environment hook '/home/ros2/Desktop/rosbostito/install/navigation_tb3/share/navigation_tb3/hook/cmake_prefix_path.sh'
[1.498s] Level 1:colcon.colcon_core.environment:checking '/home/ros2/Desktop/rosbostito/install/navigation_tb3/lib'
[1.498s] Level 1:colcon.colcon_core.environment:checking '/home/ros2/Desktop/rosbostito/install/navigation_tb3/bin'
[1.498s] Level 1:colcon.colcon_core.environment:checking '/home/ros2/Desktop/rosbostito/install/navigation_tb3/lib/pkgconfig/navigation_tb3.pc'
[1.498s] Level 1:colcon.colcon_core.environment:checking '/home/ros2/Desktop/rosbostito/install/navigation_tb3/lib/python3.10/site-packages'
[1.498s] Level 1:colcon.colcon_core.environment:checking '/home/ros2/Desktop/rosbostito/install/navigation_tb3/bin'
[1.499s] INFO:colcon.colcon_core.shell:Creating package script '/home/ros2/Desktop/rosbostito/install/navigation_tb3/share/navigation_tb3/package.ps1'
[1.499s] INFO:colcon.colcon_core.shell:Creating package descriptor '/home/ros2/Desktop/rosbostito/install/navigation_tb3/share/navigation_tb3/package.dsv'
[1.500s] INFO:colcon.colcon_core.shell:Creating package script '/home/ros2/Desktop/rosbostito/install/navigation_tb3/share/navigation_tb3/package.sh'
[1.500s] INFO:colcon.colcon_core.shell:Creating package script '/home/ros2/Desktop/rosbostito/install/navigation_tb3/share/navigation_tb3/package.bash'
[1.501s] INFO:colcon.colcon_core.shell:Creating package script '/home/ros2/Desktop/rosbostito/install/navigation_tb3/share/navigation_tb3/package.zsh'
[1.501s] Level 1:colcon.colcon_core.environment:create_file_with_runtime_dependencies(/home/ros2/Desktop/rosbostito/install/navigation_tb3/share/colcon-core/packages/navigation_tb3)
[1.678s] DEBUG:colcon.colcon_core.event_handler.log_command:Invoking command in '/home/ros2/Desktop/rosbostito/build/moveMotor': PYTHONPATH=/home/ros2/Desktop/rosbostito/build/moveMotor/prefix_override:/home/ros2/Desktop/rosbostito/install/moveMotor/lib/python3.10/site-packages:${PYTHONPATH} /usr/bin/python3 -W ignore:setup.py install is deprecated setup.py develop --editable --build-directory /home/ros2/Desktop/rosbostito/build/moveMotor/build --no-deps symlink_data
[1.691s] DEBUG:colcon.colcon_core.event_handler.log_command:Invoking command in '/home/ros2/Desktop/rosbostito/build/tf_transform': PYTHONPATH=/home/ros2/Desktop/rosbostito/build/tf_transform/prefix_override:/home/ros2/Desktop/rosbostito/install/tf_transform/lib/python3.10/site-packages:${PYTHONPATH} /usr/bin/python3 -W ignore:setup.py install is deprecated setup.py develop --editable --build-directory /home/ros2/Desktop/rosbostito/build/tf_transform/build --no-deps symlink_data
[2.254s] Level 1:colcon.colcon_core.shell:create_environment_hook('tf_transform', 'pythonpath_develop')
[2.254s] INFO:colcon.colcon_core.shell:Creating environment hook '/home/ros2/Desktop/rosbostito/build/tf_transform/share/tf_transform/hook/pythonpath_develop.ps1'
[2.254s] DEBUG:colcon.colcon_core.event_handler.log_command:Invoked command in '/home/ros2/Desktop/rosbostito/build/tf_transform' returned '0': PYTHONPATH=/home/ros2/Desktop/rosbostito/build/tf_transform/prefix_override:/home/ros2/Desktop/rosbostito/install/tf_transform/lib/python3.10/site-packages:${PYTHONPATH} /usr/bin/python3 -W ignore:setup.py install is deprecated setup.py develop --editable --build-directory /home/ros2/Desktop/rosbostito/build/tf_transform/build --no-deps symlink_data
[2.255s] INFO:colcon.colcon_core.shell:Creating environment descriptor '/home/ros2/Desktop/rosbostito/build/tf_transform/share/tf_transform/hook/pythonpath_develop.dsv'
[2.255s] INFO:colcon.colcon_core.shell:Creating environment hook '/home/ros2/Desktop/rosbostito/build/tf_transform/share/tf_transform/hook/pythonpath_develop.sh'
[2.256s] Level 1:colcon.colcon_core.environment:checking '/home/ros2/Desktop/rosbostito/install/tf_transform' for CMake module files
[2.257s] Level 1:colcon.colcon_core.environment:checking '/home/ros2/Desktop/rosbostito/install/tf_transform' for CMake config files
[2.257s] Level 1:colcon.colcon_core.environment:checking '/home/ros2/Desktop/rosbostito/install/tf_transform/lib'
[2.257s] Level 1:colcon.colcon_core.environment:checking '/home/ros2/Desktop/rosbostito/install/tf_transform/bin'
[2.258s] Level 1:colcon.colcon_core.environment:checking '/home/ros2/Desktop/rosbostito/install/tf_transform/lib/pkgconfig/tf_transform.pc'
[2.258s] Level 1:colcon.colcon_core.environment:checking '/home/ros2/Desktop/rosbostito/install/tf_transform/lib/python3.10/site-packages'
[2.258s] Level 1:colcon.colcon_core.shell:create_environment_hook('tf_transform', 'pythonpath')
[2.258s] INFO:colcon.colcon_core.shell:Creating environment hook '/home/ros2/Desktop/rosbostito/install/tf_transform/share/tf_transform/hook/pythonpath.ps1'
[2.259s] INFO:colcon.colcon_core.shell:Creating environment descriptor '/home/ros2/Desktop/rosbostito/install/tf_transform/share/tf_transform/hook/pythonpath.dsv'
[2.259s] INFO:colcon.colcon_core.shell:Creating environment hook '/home/ros2/Desktop/rosbostito/install/tf_transform/share/tf_transform/hook/pythonpath.sh'
[2.260s] Level 1:colcon.colcon_core.environment:checking '/home/ros2/Desktop/rosbostito/install/tf_transform/bin'
[2.260s] Level 1:colcon.colcon_core.environment:create_environment_scripts_only(tf_transform)
[2.261s] INFO:colcon.colcon_core.shell:Creating package script '/home/ros2/Desktop/rosbostito/install/tf_transform/share/tf_transform/package.ps1'
[2.262s] INFO:colcon.colcon_core.shell:Creating package descriptor '/home/ros2/Desktop/rosbostito/install/tf_transform/share/tf_transform/package.dsv'
[2.262s] INFO:colcon.colcon_core.shell:Creating package script '/home/ros2/Desktop/rosbostito/install/tf_transform/share/tf_transform/package.sh'
[2.263s] INFO:colcon.colcon_core.shell:Creating package script '/home/ros2/Desktop/rosbostito/install/tf_transform/share/tf_transform/package.bash'
[2.264s] INFO:colcon.colcon_core.shell:Creating package script '/home/ros2/Desktop/rosbostito/install/tf_transform/share/tf_transform/package.zsh'
[2.264s] Level 1:colcon.colcon_core.environment:create_file_with_runtime_dependencies(/home/ros2/Desktop/rosbostito/install/tf_transform/share/colcon-core/packages/tf_transform)
[2.273s] Level 1:colcon.colcon_core.shell:create_environment_hook('moveMotor', 'pythonpath_develop')
[2.273s] INFO:colcon.colcon_core.shell:Creating environment hook '/home/ros2/Desktop/rosbostito/build/moveMotor/share/moveMotor/hook/pythonpath_develop.ps1'
[2.274s] DEBUG:colcon.colcon_core.event_handler.log_command:Invoked command in '/home/ros2/Desktop/rosbostito/build/moveMotor' returned '0': PYTHONPATH=/home/ros2/Desktop/rosbostito/build/moveMotor/prefix_override:/home/ros2/Desktop/rosbostito/install/moveMotor/lib/python3.10/site-packages:${PYTHONPATH} /usr/bin/python3 -W ignore:setup.py install is deprecated setup.py develop --editable --build-directory /home/ros2/Desktop/rosbostito/build/moveMotor/build --no-deps symlink_data
[2.274s] INFO:colcon.colcon_core.shell:Creating environment descriptor '/home/ros2/Desktop/rosbostito/build/moveMotor/share/moveMotor/hook/pythonpath_develop.dsv'
[2.275s] INFO:colcon.colcon_core.shell:Creating environment hook '/home/ros2/Desktop/rosbostito/build/moveMotor/share/moveMotor/hook/pythonpath_develop.sh'
[2.275s] Level 1:colcon.colcon_core.environment:checking '/home/ros2/Desktop/rosbostito/install/moveMotor' for CMake module files
[2.276s] Level 1:colcon.colcon_core.environment:checking '/home/ros2/Desktop/rosbostito/install/moveMotor' for CMake config files
[2.277s] Level 1:colcon.colcon_core.environment:checking '/home/ros2/Desktop/rosbostito/install/moveMotor/lib'
[2.277s] Level 1:colcon.colcon_core.environment:checking '/home/ros2/Desktop/rosbostito/install/moveMotor/bin'
[2.277s] Level 1:colcon.colcon_core.environment:checking '/home/ros2/Desktop/rosbostito/install/moveMotor/lib/pkgconfig/moveMotor.pc'
[2.278s] Level 1:colcon.colcon_core.environment:checking '/home/ros2/Desktop/rosbostito/install/moveMotor/lib/python3.10/site-packages'
[2.278s] Level 1:colcon.colcon_core.shell:create_environment_hook('moveMotor', 'pythonpath')
[2.278s] INFO:colcon.colcon_core.shell:Creating environment hook '/home/ros2/Desktop/rosbostito/install/moveMotor/share/moveMotor/hook/pythonpath.ps1'
[2.279s] INFO:colcon.colcon_core.shell:Creating environment descriptor '/home/ros2/Desktop/rosbostito/install/moveMotor/share/moveMotor/hook/pythonpath.dsv'
[2.280s] INFO:colcon.colcon_core.shell:Creating environment hook '/home/ros2/Desktop/rosbostito/install/moveMotor/share/moveMotor/hook/pythonpath.sh'
[2.281s] Level 1:colcon.colcon_core.environment:checking '/home/ros2/Desktop/rosbostito/install/moveMotor/bin'
[2.281s] Level 1:colcon.colcon_core.environment:create_environment_scripts_only(moveMotor)
[2.282s] INFO:colcon.colcon_core.shell:Creating package script '/home/ros2/Desktop/rosbostito/install/moveMotor/share/moveMotor/package.ps1'
[2.283s] INFO:colcon.colcon_core.shell:Creating package descriptor '/home/ros2/Desktop/rosbostito/install/moveMotor/share/moveMotor/package.dsv'
[2.284s] INFO:colcon.colcon_core.shell:Creating package script '/home/ros2/Desktop/rosbostito/install/moveMotor/share/moveMotor/package.sh'
[2.284s] INFO:colcon.colcon_core.shell:Creating package script '/home/ros2/Desktop/rosbostito/install/moveMotor/share/moveMotor/package.bash'
[2.284s] INFO:colcon.colcon_core.shell:Creating package script '/home/ros2/Desktop/rosbostito/install/moveMotor/share/moveMotor/package.zsh'
[2.285s] Level 1:colcon.colcon_core.environment:create_file_with_runtime_dependencies(/home/ros2/Desktop/rosbostito/install/moveMotor/share/colcon-core/packages/moveMotor)
[2.285s] DEBUG:colcon.colcon_parallel_executor.executor.parallel:closing loop
[2.286s] DEBUG:colcon.colcon_parallel_executor.executor.parallel:loop closed
[2.286s] DEBUG:colcon.colcon_parallel_executor.executor.parallel:run_until_complete finished with '0'
[2.286s] DEBUG:colcon.colcon_core.event_reactor:joining thread
[2.296s] INFO:colcon.colcon_core.plugin_system:Skipping extension 'colcon_notification.desktop_notification.terminal_notifier': Not used on non-Darwin systems
[2.296s] INFO:colcon.colcon_core.plugin_system:Skipping extension 'colcon_notification.desktop_notification.win32': Not used on non-Windows systems
[2.296s] INFO:colcon.colcon_notification.desktop_notification:Sending desktop notification using 'notify2'
[2.315s] DEBUG:colcon.colcon_core.event_reactor:joined thread
[2.316s] INFO:colcon.colcon_core.shell:Creating prefix script '/home/ros2/Desktop/rosbostito/install/local_setup.ps1'
[2.317s] INFO:colcon.colcon_core.shell:Creating prefix util module '/home/ros2/Desktop/rosbostito/install/_local_setup_util_ps1.py'
[2.320s] INFO:colcon.colcon_core.shell:Creating prefix chain script '/home/ros2/Desktop/rosbostito/install/setup.ps1'
[2.322s] INFO:colcon.colcon_core.shell:Creating prefix script '/home/ros2/Desktop/rosbostito/install/local_setup.sh'
[2.324s] INFO:colcon.colcon_core.shell:Creating prefix util module '/home/ros2/Desktop/rosbostito/install/_local_setup_util_sh.py'
[2.324s] INFO:colcon.colcon_core.shell:Creating prefix chain script '/home/ros2/Desktop/rosbostito/install/setup.sh'
[2.327s] INFO:colcon.colcon_core.shell:Creating prefix script '/home/ros2/Desktop/rosbostito/install/local_setup.bash'
[2.328s] INFO:colcon.colcon_core.shell:Creating prefix chain script '/home/ros2/Desktop/rosbostito/install/setup.bash'
[2.330s] INFO:colcon.colcon_core.shell:Creating prefix script '/home/ros2/Desktop/rosbostito/install/local_setup.zsh'
[2.331s] INFO:colcon.colcon_core.shell:Creating prefix chain script '/home/ros2/Desktop/rosbostito/install/setup.zsh'
